-------------------------------------------------------------------------------
Test set: luis3000.msscbreweryclient.web.client.BreweryClientTest
-------------------------------------------------------------------------------
Tests run: 8, Failures: 0, Errors: 8, Skipped: 0, Time elapsed: 1.622 s <<< FAILURE! - in luis3000.msscbreweryclient.web.client.BreweryClientTest
getCustomerById  Time elapsed: 0.066 s  <<< ERROR!
org.springframework.web.client.ResourceAccessException: I/O error on GET request for "http://localhost:8080/api/v1/customer/d1233771-c0ef-44d4-833e-fed22ab37cfd": Connect to localhost:8080 [localhost/127.0.0.1, localhost/0:0:0:0:0:0:0:1] failed: Connection refused; nested exception is org.apache.http.conn.HttpHostConnectException: Connect to localhost:8080 [localhost/127.0.0.1, localhost/0:0:0:0:0:0:0:1] failed: Connection refused
	at luis3000.msscbreweryclient.web.client.BreweryClientTest.getCustomerById(BreweryClientTest.java:57)
Caused by: org.apache.http.conn.HttpHostConnectException: Connect to localhost:8080 [localhost/127.0.0.1, localhost/0:0:0:0:0:0:0:1] failed: Connection refused
	at luis3000.msscbreweryclient.web.client.BreweryClientTest.getCustomerById(BreweryClientTest.java:57)
Caused by: java.net.ConnectException: Connection refused
	at luis3000.msscbreweryclient.web.client.BreweryClientTest.getCustomerById(BreweryClientTest.java:57)

saveNewBeer  Time elapsed: 0.013 s  <<< ERROR!
org.springframework.web.client.ResourceAccessException: I/O error on POST request for "http://localhost:8080/api/v1/beer/": Connect to localhost:8080 [localhost/127.0.0.1, localhost/0:0:0:0:0:0:0:1] failed: Connection refused; nested exception is org.apache.http.conn.HttpHostConnectException: Connect to localhost:8080 [localhost/127.0.0.1, localhost/0:0:0:0:0:0:0:1] failed: Connection refused
	at luis3000.msscbreweryclient.web.client.BreweryClientTest.saveNewBeer(BreweryClientTest.java:34)
Caused by: org.apache.http.conn.HttpHostConnectException: Connect to localhost:8080 [localhost/127.0.0.1, localhost/0:0:0:0:0:0:0:1] failed: Connection refused
	at luis3000.msscbreweryclient.web.client.BreweryClientTest.saveNewBeer(BreweryClientTest.java:34)
Caused by: java.net.ConnectException: Connection refused
	at luis3000.msscbreweryclient.web.client.BreweryClientTest.saveNewBeer(BreweryClientTest.java:34)

testUpdateBeer  Time elapsed: 0.004 s  <<< ERROR!
org.springframework.web.client.ResourceAccessException: I/O error on PUT request for "http://localhost:8080/api/v1/beer/76901026-fd3e-4606-85f6-5b2c02a11786": Connect to localhost:8080 [localhost/127.0.0.1, localhost/0:0:0:0:0:0:0:1] failed: Connection refused; nested exception is org.apache.http.conn.HttpHostConnectException: Connect to localhost:8080 [localhost/127.0.0.1, localhost/0:0:0:0:0:0:0:1] failed: Connection refused
	at luis3000.msscbreweryclient.web.client.BreweryClientTest.testUpdateBeer(BreweryClientTest.java:43)
Caused by: org.apache.http.conn.HttpHostConnectException: Connect to localhost:8080 [localhost/127.0.0.1, localhost/0:0:0:0:0:0:0:1] failed: Connection refused
	at luis3000.msscbreweryclient.web.client.BreweryClientTest.testUpdateBeer(BreweryClientTest.java:43)
Caused by: java.net.ConnectException: Connection refused
	at luis3000.msscbreweryclient.web.client.BreweryClientTest.testUpdateBeer(BreweryClientTest.java:43)

getBeerById  Time elapsed: 0.009 s  <<< ERROR!
org.springframework.web.client.ResourceAccessException: I/O error on GET request for "http://localhost:8080/api/v1/beer/a14c9396-e928-4913-85c6-6055c3c5fb3d": Connect to localhost:8080 [localhost/127.0.0.1, localhost/0:0:0:0:0:0:0:1] failed: Connection refused; nested exception is org.apache.http.conn.HttpHostConnectException: Connect to localhost:8080 [localhost/127.0.0.1, localhost/0:0:0:0:0:0:0:1] failed: Connection refused
	at luis3000.msscbreweryclient.web.client.BreweryClientTest.getBeerById(BreweryClientTest.java:25)
Caused by: org.apache.http.conn.HttpHostConnectException: Connect to localhost:8080 [localhost/127.0.0.1, localhost/0:0:0:0:0:0:0:1] failed: Connection refused
	at luis3000.msscbreweryclient.web.client.BreweryClientTest.getBeerById(BreweryClientTest.java:25)
Caused by: java.net.ConnectException: Connection refused
	at luis3000.msscbreweryclient.web.client.BreweryClientTest.getBeerById(BreweryClientTest.java:25)

testUpdateCustomer  Time elapsed: 0.004 s  <<< ERROR!
org.springframework.web.client.ResourceAccessException: I/O error on PUT request for "http://localhost:8080/api/v1/customer/ff97c01d-e610-4d6a-bb6e-d3c8b2d50ced": Connect to localhost:8080 [localhost/127.0.0.1, localhost/0:0:0:0:0:0:0:1] failed: Connection refused; nested exception is org.apache.http.conn.HttpHostConnectException: Connect to localhost:8080 [localhost/127.0.0.1, localhost/0:0:0:0:0:0:0:1] failed: Connection refused
	at luis3000.msscbreweryclient.web.client.BreweryClientTest.testUpdateCustomer(BreweryClientTest.java:78)
Caused by: org.apache.http.conn.HttpHostConnectException: Connect to localhost:8080 [localhost/127.0.0.1, localhost/0:0:0:0:0:0:0:1] failed: Connection refused
	at luis3000.msscbreweryclient.web.client.BreweryClientTest.testUpdateCustomer(BreweryClientTest.java:78)
Caused by: java.net.ConnectException: Connection refused
	at luis3000.msscbreweryclient.web.client.BreweryClientTest.testUpdateCustomer(BreweryClientTest.java:78)

testSavedNewCustomer  Time elapsed: 0.005 s  <<< ERROR!
org.springframework.web.client.ResourceAccessException: I/O error on POST request for "http://localhost:8080/api/v1/customer/": Connect to localhost:8080 [localhost/127.0.0.1, localhost/0:0:0:0:0:0:0:1] failed: Connection refused; nested exception is org.apache.http.conn.HttpHostConnectException: Connect to localhost:8080 [localhost/127.0.0.1, localhost/0:0:0:0:0:0:0:1] failed: Connection refused
	at luis3000.msscbreweryclient.web.client.BreweryClientTest.testSavedNewCustomer(BreweryClientTest.java:66)
Caused by: org.apache.http.conn.HttpHostConnectException: Connect to localhost:8080 [localhost/127.0.0.1, localhost/0:0:0:0:0:0:0:1] failed: Connection refused
	at luis3000.msscbreweryclient.web.client.BreweryClientTest.testSavedNewCustomer(BreweryClientTest.java:66)
Caused by: java.net.ConnectException: Connection refused
	at luis3000.msscbreweryclient.web.client.BreweryClientTest.testSavedNewCustomer(BreweryClientTest.java:66)

testDeleteBeer  Time elapsed: 0.005 s  <<< ERROR!
org.springframework.web.client.ResourceAccessException: I/O error on DELETE request for "http://localhost:8080/api/v1/beer/e14fc497-b24f-4545-8694-b3e98fce9f40": Connect to localhost:8080 [localhost/127.0.0.1, localhost/0:0:0:0:0:0:0:1] failed: Connection refused; nested exception is org.apache.http.conn.HttpHostConnectException: Connect to localhost:8080 [localhost/127.0.0.1, localhost/0:0:0:0:0:0:0:1] failed: Connection refused
	at luis3000.msscbreweryclient.web.client.BreweryClientTest.testDeleteBeer(BreweryClientTest.java:48)
Caused by: org.apache.http.conn.HttpHostConnectException: Connect to localhost:8080 [localhost/127.0.0.1, localhost/0:0:0:0:0:0:0:1] failed: Connection refused
	at luis3000.msscbreweryclient.web.client.BreweryClientTest.testDeleteBeer(BreweryClientTest.java:48)
Caused by: java.net.ConnectException: Connection refused
	at luis3000.msscbreweryclient.web.client.BreweryClientTest.testDeleteBeer(BreweryClientTest.java:48)

testDeleteCustomer  Time elapsed: 0.005 s  <<< ERROR!
org.springframework.web.client.ResourceAccessException: I/O error on DELETE request for "http://localhost:8080/api/v1/beer/f5c7d32b-73fc-4e48-bde3-6b448d2c177c": Connect to localhost:8080 [localhost/127.0.0.1, localhost/0:0:0:0:0:0:0:1] failed: Connection refused; nested exception is org.apache.http.conn.HttpHostConnectException: Connect to localhost:8080 [localhost/127.0.0.1, localhost/0:0:0:0:0:0:0:1] failed: Connection refused
	at luis3000.msscbreweryclient.web.client.BreweryClientTest.testDeleteCustomer(BreweryClientTest.java:83)
Caused by: org.apache.http.conn.HttpHostConnectException: Connect to localhost:8080 [localhost/127.0.0.1, localhost/0:0:0:0:0:0:0:1] failed: Connection refused
	at luis3000.msscbreweryclient.web.client.BreweryClientTest.testDeleteCustomer(BreweryClientTest.java:83)
Caused by: java.net.ConnectException: Connection refused
	at luis3000.msscbreweryclient.web.client.BreweryClientTest.testDeleteCustomer(BreweryClientTest.java:83)

