-------------------------------------------------------------------------------
Test set: luis3000.msscbreweryclient.MsscBreweryClientApplicationTests
-------------------------------------------------------------------------------
Tests run: 1, Failures: 0, Errors: 1, Skipped: 0, Time elapsed: 0.233 s <<< FAILURE! - in luis3000.msscbreweryclient.MsscBreweryClientApplicationTests
contextLoads  Time elapsed: 0.001 s  <<< ERROR!
java.lang.IllegalStateException: Failed to load ApplicationContext
Caused by: org.springframework.beans.factory.UnsatisfiedDependencyException: Error creating bean with name 'beerServiceImpl' defined in file [/Users/joseluiscastillo/Documents/Udemy/SpringBootMicroservicesWithSpringCloudAndDocker/Springframeworkguru/mssc-brewery-client/target/classes/luis3000/msscbreweryclient/services/BeerServiceImpl.class]: Unsatisfied dependency expressed through constructor parameter 1; nested exception is org.springframework.beans.factory.NoSuchBeanDefinitionException: No qualifying bean of type 'luis3000.msscbreweryclient.web.mappers.BeerMapper' available: expected at least 1 bean which qualifies as autowire candidate. Dependency annotations: {}
Caused by: org.springframework.beans.factory.NoSuchBeanDefinitionException: No qualifying bean of type 'luis3000.msscbreweryclient.web.mappers.BeerMapper' available: expected at least 1 bean which qualifies as autowire candidate. Dependency annotations: {}

