<?xml version="1.0" encoding="UTF-8"?>
<testsuite xmlns:xsi="http://www.w3.org/2001/XMLSchema-instance" xsi:noNamespaceSchemaLocation="https://maven.apache.org/surefire/maven-surefire-plugin/xsd/surefire-test-report-3.0.xsd" version="3.0" name="luis3000.msscbreweryclient.web.client.BeerControllerTest" time="2.52" tests="3" errors="0" skipped="0" failures="3">
  <properties>
[...]
</properties>
  <testcase name="updateBeerById" classname="luis3000.msscbreweryclient.web.client.BeerControllerTest" time="0.419">
    <failure message="Status expected:&lt;204&gt; but was:&lt;404&gt;" type="java.lang.AssertionError"><![CDATA[java.lang.AssertionError: Status expected:<204> but was:<404>
	at luis3000.msscbreweryclient.web.client.BeerControllerTest.updateBeerById(BeerControllerTest.java:108)
]]></failure>
    <system-out><![CDATA[12:25:23.714 [main] DEBUG org.springframework.test.context.BootstrapUtils - Instantiating CacheAwareContextLoaderDelegate from class [org.springframework.test.context.cache.DefaultCacheAwareContextLoaderDelegate]
12:25:23.732 [main] DEBUG org.springframework.test.context.BootstrapUtils - Instantiating BootstrapContext using constructor [public org.springframework.test.context.support.DefaultBootstrapContext(java.lang.Class,org.springframework.test.context.CacheAwareContextLoaderDelegate)]
12:25:23.751 [main] DEBUG org.springframework.test.context.BootstrapUtils - Instantiating TestContextBootstrapper for test class [luis3000.msscbreweryclient.web.client.BeerControllerTest] from class [org.springframework.boot.test.autoconfigure.web.servlet.WebMvcTestContextBootstrapper]
12:25:23.762 [main] INFO org.springframework.boot.test.autoconfigure.web.servlet.WebMvcTestContextBootstrapper - Neither @ContextConfiguration nor @ContextHierarchy found for test class [luis3000.msscbreweryclient.web.client.BeerControllerTest], using SpringBootContextLoader
12:25:23.766 [main] DEBUG org.springframework.test.context.support.AbstractContextLoader - Did not detect default resource location for test class [luis3000.msscbreweryclient.web.client.BeerControllerTest]: class path resource [luis3000/msscbreweryclient/web/client/BeerControllerTest-context.xml] does not exist
12:25:23.766 [main] DEBUG org.springframework.test.context.support.AbstractContextLoader - Did not detect default resource location for test class [luis3000.msscbreweryclient.web.client.BeerControllerTest]: class path resource [luis3000/msscbreweryclient/web/client/BeerControllerTestContext.groovy] does not exist
12:25:23.766 [main] INFO org.springframework.test.context.support.AbstractContextLoader - Could not detect default resource locations for test class [luis3000.msscbreweryclient.web.client.BeerControllerTest]: no resource found for suffixes {-context.xml, Context.groovy}.
12:25:23.767 [main] DEBUG org.springframework.test.context.support.AnnotationConfigContextLoaderUtils - Ignoring class [luis3000.msscbreweryclient.web.client.BeerControllerTest$ConstrainedFields]; it must be static, non-private, non-final, and annotated with @Configuration to be considered a default configuration class.
12:25:23.767 [main] INFO org.springframework.test.context.support.AnnotationConfigContextLoaderUtils - Could not detect default configuration classes for test class [luis3000.msscbreweryclient.web.client.BeerControllerTest]: BeerControllerTest does not declare any static, non-private, non-final, nested classes annotated with @Configuration.
12:25:23.831 [main] DEBUG org.springframework.test.context.support.ActiveProfilesUtils - Could not find an 'annotation declaring class' for annotation type [org.springframework.test.context.ActiveProfiles] and class [luis3000.msscbreweryclient.web.client.BeerControllerTest]
12:25:23.892 [main] DEBUG org.springframework.context.annotation.ClassPathScanningCandidateComponentProvider - Identified candidate component class: file [/Users/joseluiscastillo/Documents/Udemy/SpringBootMicroservicesWithSpringCloudAndDocker/Springframeworkguru/mssc-brewery-client/target/classes/luis3000/msscbreweryclient/MsscBreweryClientApplication.class]
12:25:23.893 [main] INFO org.springframework.boot.test.context.SpringBootTestContextBootstrapper - Found @SpringBootConfiguration luis3000.msscbreweryclient.MsscBreweryClientApplication for test class luis3000.msscbreweryclient.web.client.BeerControllerTest
12:25:23.894 [main] DEBUG org.springframework.boot.test.autoconfigure.web.servlet.WebMvcTestContextBootstrapper - @TestExecutionListeners is not present for class [luis3000.msscbreweryclient.web.client.BeerControllerTest]: using defaults.
12:25:23.895 [main] INFO org.springframework.boot.test.autoconfigure.web.servlet.WebMvcTestContextBootstrapper - Loaded default TestExecutionListener class names from location [META-INF/spring.factories]: [org.springframework.boot.test.mock.mockito.MockitoTestExecutionListener, org.springframework.boot.test.mock.mockito.ResetMocksTestExecutionListener, org.springframework.boot.test.autoconfigure.restdocs.RestDocsTestExecutionListener, org.springframework.boot.test.autoconfigure.web.client.MockRestServiceServerResetTestExecutionListener, org.springframework.boot.test.autoconfigure.web.servlet.MockMvcPrintOnlyOnFailureTestExecutionListener, org.springframework.boot.test.autoconfigure.web.servlet.WebDriverTestExecutionListener, org.springframework.test.context.web.ServletTestExecutionListener, org.springframework.test.context.support.DirtiesContextBeforeModesTestExecutionListener, org.springframework.test.context.support.DependencyInjectionTestExecutionListener, org.springframework.test.context.support.DirtiesContextTestExecutionListener, org.springframework.test.context.transaction.TransactionalTestExecutionListener, org.springframework.test.context.jdbc.SqlScriptsTestExecutionListener]
12:25:23.921 [main] INFO org.springframework.boot.test.autoconfigure.web.servlet.WebMvcTestContextBootstrapper - Using TestExecutionListeners: [org.springframework.test.context.web.ServletTestExecutionListener@1ed6388a, org.springframework.test.context.support.DirtiesContextBeforeModesTestExecutionListener@5a45133e, org.springframework.boot.test.mock.mockito.MockitoTestExecutionListener@534a5a98, org.springframework.boot.test.autoconfigure.SpringBootDependencyInjectionTestExecutionListener@4f80542f, org.springframework.test.context.support.DirtiesContextTestExecutionListener@60bd273d, org.springframework.test.context.transaction.TransactionalTestExecutionListener@121314f7, org.springframework.test.context.jdbc.SqlScriptsTestExecutionListener@130c12b7, org.springframework.boot.test.mock.mockito.ResetMocksTestExecutionListener@5e600dd5, org.springframework.boot.test.autoconfigure.restdocs.RestDocsTestExecutionListener@576d5deb, org.springframework.boot.test.autoconfigure.web.client.MockRestServiceServerResetTestExecutionListener@5d534f5d, org.springframework.boot.test.autoconfigure.web.servlet.MockMvcPrintOnlyOnFailureTestExecutionListener@2e3967ea, org.springframework.boot.test.autoconfigure.web.servlet.WebDriverTestExecutionListener@70e9c95d]
12:25:23.928 [main] DEBUG org.springframework.test.context.support.AbstractDirtiesContextTestExecutionListener - Before test class: context [DefaultTestContext@e350b40 testClass = BeerControllerTest, testInstance = [null], testMethod = [null], testException = [null], mergedContextConfiguration = [WebMergedContextConfiguration@41a0aa7d testClass = BeerControllerTest, locations = '{}', classes = '{class luis3000.msscbreweryclient.MsscBreweryClientApplication}', contextInitializerClasses = '[]', activeProfiles = '{}', propertySourceLocations = '{}', propertySourceProperties = '{org.springframework.boot.test.autoconfigure.web.servlet.WebMvcTestContextBootstrapper=true}', contextCustomizers = set[[ImportsContextCustomizer@2794eab6 key = [@org.junit.jupiter.api.extension.ExtendWith({org.springframework.test.context.junit.jupiter.SpringExtension.class}), @org.springframework.boot.test.autoconfigure.web.servlet.AutoConfigureWebMvc(), @org.springframework.context.annotation.Import({org.springframework.boot.test.autoconfigure.restdocs.RestDocumentationContextProviderRegistrar.class}), @org.apiguardian.api.API(consumers={"*"}, since="5.0", status=STABLE), @org.springframework.boot.test.autoconfigure.filter.TypeExcludeFilters({org.springframework.boot.test.autoconfigure.web.servlet.WebMvcTypeExcludeFilter.class}), @org.springframework.context.annotation.ComponentScan(scopeResolver=org.springframework.context.annotation.AnnotationScopeMetadataResolver.class, lazyInit=false, resourcePattern="**/*.class", useDefaultFilters=true, excludeFilters={}, scopedProxy=DEFAULT, basePackageClasses={}, nameGenerator=org.springframework.beans.factory.support.BeanNameGenerator.class, basePackages={"guru.springframework.sfgrestdocsexample.web.mappers"}, value={}, includeFilters={}), @org.springframework.boot.test.autoconfigure.core.AutoConfigureCache(cacheProvider=NONE), @org.springframework.boot.test.autoconfigure.properties.PropertyMapping(value="spring.test.restdocs", skip=NO), @org.junit.jupiter.api.extension.ExtendWith({org.springframework.restdocs.RestDocumentationExtension.class}), @org.springframework.boot.test.autoconfigure.web.servlet.WebMvcTest(useDefaultFilters=true, excludeFilters={}, controllers={}, excludeAutoConfiguration={}, secure=true, value={luis3000.msscbreweryclient.web.client.BeerControllerTest.class}, includeFilters={}, properties={}), @org.springframework.boot.test.autoconfigure.web.servlet.AutoConfigureMockMvc(webDriverEnabled=true, print=DEFAULT, webClientEnabled=true, secure=true, addFilters=true, printOnlyOnFailure=true), @org.springframework.test.context.BootstrapWith(org.springframework.boot.test.autoconfigure.web.servlet.WebMvcTestContextBootstrapper.class), @org.springframework.boot.test.autoconfigure.properties.PropertyMapping(value="spring.test.mockmvc", skip=NO), @org.springframework.boot.test.autoconfigure.restdocs.AutoConfigureRestDocs(uriScheme="https", outputDir="", uriPort=80, value="", uriHost="dev.luis3000"), @org.springframework.boot.autoconfigure.ImportAutoConfiguration(value={}, exclude={}, classes={}), @org.springframework.context.annotation.Import({org.springframework.boot.autoconfigure.ImportAutoConfigurationImportSelector.class}), @org.springframework.boot.test.autoconfigure.OverrideAutoConfiguration(enabled=false)]], org.springframework.boot.test.context.filter.ExcludeFilterContextCustomizer@69453e37, org.springframework.boot.test.json.DuplicateJsonObjectContextCustomizerFactory$DuplicateJsonObjectContextCustomizer@3d34d211, org.springframework.boot.test.mock.mockito.MockitoContextCustomizer@0, org.springframework.boot.test.autoconfigure.OverrideAutoConfigurationContextCustomizerFactory$DisableAutoConfigurationContextCustomizer@1190200a, org.springframework.boot.test.autoconfigure.filter.TypeExcludeFiltersContextCustomizer@febf949b, org.springframework.boot.test.autoconfigure.properties.PropertyMappingContextCustomizer@c71255b3, org.springframework.boot.test.autoconfigure.web.servlet.WebDriverContextCustomizerFactory$Customizer@55740540], resourceBasePath = '', contextLoader = 'org.springframework.boot.test.context.SpringBootContextLoader', parent = [null]], attributes = map[[empty]]], class annotated with @DirtiesContext [false] with mode [null].
12:25:23.936 [main] DEBUG org.springframework.test.context.support.DependencyInjectionTestExecutionListener - Performing dependency injection for test context [[DefaultTestContext@e350b40 testClass = BeerControllerTest, testInstance = luis3000.msscbreweryclient.web.client.BeerControllerTest@f78a47e, testMethod = [null], testException = [null], mergedContextConfiguration = [WebMergedContextConfiguration@41a0aa7d testClass = BeerControllerTest, locations = '{}', classes = '{class luis3000.msscbreweryclient.MsscBreweryClientApplication}', contextInitializerClasses = '[]', activeProfiles = '{}', propertySourceLocations = '{}', propertySourceProperties = '{org.springframework.boot.test.autoconfigure.web.servlet.WebMvcTestContextBootstrapper=true}', contextCustomizers = set[[ImportsContextCustomizer@2794eab6 key = [@org.junit.jupiter.api.extension.ExtendWith({org.springframework.test.context.junit.jupiter.SpringExtension.class}), @org.springframework.boot.test.autoconfigure.web.servlet.AutoConfigureWebMvc(), @org.springframework.context.annotation.Import({org.springframework.boot.test.autoconfigure.restdocs.RestDocumentationContextProviderRegistrar.class}), @org.apiguardian.api.API(consumers={"*"}, since="5.0", status=STABLE), @org.springframework.boot.test.autoconfigure.filter.TypeExcludeFilters({org.springframework.boot.test.autoconfigure.web.servlet.WebMvcTypeExcludeFilter.class}), @org.springframework.context.annotation.ComponentScan(scopeResolver=org.springframework.context.annotation.AnnotationScopeMetadataResolver.class, lazyInit=false, resourcePattern="**/*.class", useDefaultFilters=true, excludeFilters={}, scopedProxy=DEFAULT, basePackageClasses={}, nameGenerator=org.springframework.beans.factory.support.BeanNameGenerator.class, basePackages={"guru.springframework.sfgrestdocsexample.web.mappers"}, value={}, includeFilters={}), @org.springframework.boot.test.autoconfigure.core.AutoConfigureCache(cacheProvider=NONE), @org.springframework.boot.test.autoconfigure.properties.PropertyMapping(value="spring.test.restdocs", skip=NO), @org.junit.jupiter.api.extension.ExtendWith({org.springframework.restdocs.RestDocumentationExtension.class}), @org.springframework.boot.test.autoconfigure.web.servlet.WebMvcTest(useDefaultFilters=true, excludeFilters={}, controllers={}, excludeAutoConfiguration={}, secure=true, value={luis3000.msscbreweryclient.web.client.BeerControllerTest.class}, includeFilters={}, properties={}), @org.springframework.boot.test.autoconfigure.web.servlet.AutoConfigureMockMvc(webDriverEnabled=true, print=DEFAULT, webClientEnabled=true, secure=true, addFilters=true, printOnlyOnFailure=true), @org.springframework.test.context.BootstrapWith(org.springframework.boot.test.autoconfigure.web.servlet.WebMvcTestContextBootstrapper.class), @org.springframework.boot.test.autoconfigure.properties.PropertyMapping(value="spring.test.mockmvc", skip=NO), @org.springframework.boot.test.autoconfigure.restdocs.AutoConfigureRestDocs(uriScheme="https", outputDir="", uriPort=80, value="", uriHost="dev.luis3000"), @org.springframework.boot.autoconfigure.ImportAutoConfiguration(value={}, exclude={}, classes={}), @org.springframework.context.annotation.Import({org.springframework.boot.autoconfigure.ImportAutoConfigurationImportSelector.class}), @org.springframework.boot.test.autoconfigure.OverrideAutoConfiguration(enabled=false)]], org.springframework.boot.test.context.filter.ExcludeFilterContextCustomizer@69453e37, org.springframework.boot.test.json.DuplicateJsonObjectContextCustomizerFactory$DuplicateJsonObjectContextCustomizer@3d34d211, org.springframework.boot.test.mock.mockito.MockitoContextCustomizer@0, org.springframework.boot.test.autoconfigure.OverrideAutoConfigurationContextCustomizerFactory$DisableAutoConfigurationContextCustomizer@1190200a, org.springframework.boot.test.autoconfigure.filter.TypeExcludeFiltersContextCustomizer@febf949b, org.springframework.boot.test.autoconfigure.properties.PropertyMappingContextCustomizer@c71255b3, org.springframework.boot.test.autoconfigure.web.servlet.WebDriverContextCustomizerFactory$Customizer@55740540], resourceBasePath = '', contextLoader = 'org.springframework.boot.test.context.SpringBootContextLoader', parent = [null]], attributes = map[[empty]]]].
12:25:24.037 [main] DEBUG org.springframework.test.context.support.TestPropertySourceUtils - Adding inlined properties to environment: {spring.jmx.enabled=false, org.springframework.boot.test.autoconfigure.web.servlet.WebMvcTestContextBootstrapper=true, server.port=-1}

  .   ____          _            __ _ _
 /\\ / ___'_ __ _ _(_)_ __  __ _ \ \ \ \
( ( )\___ | '_ | '_| | '_ \/ _` | \ \ \ \
 \\/  ___)| |_)| | | | | || (_| |  ) ) ) )
  '  |____| .__|_| |_|_| |_\__, | / / / /
 =========|_|==============|___/=/_/_/_/
 :: Spring Boot ::        (v2.1.5.RELEASE)

2024-06-19 12:25:24.311  INFO 3349 --- [           main] l.m.web.client.BeerControllerTest        : Starting BeerControllerTest on Joses-MBP.attlocal.net with PID 3349 (started by joseluiscastillo in /Users/joseluiscastillo/Documents/Udemy/SpringBootMicroservicesWithSpringCloudAndDocker/Springframeworkguru/mssc-brewery-client)
2024-06-19 12:25:24.313  INFO 3349 --- [           main] l.m.web.client.BeerControllerTest        : No active profile set, falling back to default profiles: default
2024-06-19 12:25:25.414  INFO 3349 --- [           main] o.s.s.concurrent.ThreadPoolTaskExecutor  : Initializing ExecutorService 'applicationTaskExecutor'
2024-06-19 12:25:25.668  INFO 3349 --- [           main] o.s.b.t.m.w.SpringBootMockServletContext : Initializing Spring TestDispatcherServlet ''
2024-06-19 12:25:25.668  INFO 3349 --- [           main] o.s.t.web.servlet.TestDispatcherServlet  : Initializing Servlet ''
2024-06-19 12:25:25.681  INFO 3349 --- [           main] o.s.t.web.servlet.TestDispatcherServlet  : Completed initialization in 13 ms
2024-06-19 12:25:25.711  INFO 3349 --- [           main] l.m.web.client.BeerControllerTest        : Started BeerControllerTest in 1.667 seconds (JVM running for 2.531)

MockHttpServletRequest:
      HTTP Method = PUT
      Request URI = /api/v1/beer/158fbdc1-2428-4197-a063-befb349f9141
       Parameters = {}
          Headers = [Content-Type:"application/json"]
             Body = <no character encoding set>
    Session Attrs = {}

Handler:
             Type = org.springframework.web.servlet.resource.ResourceHttpRequestHandler

Async:
    Async started = false
     Async result = null

Resolved Exception:
             Type = null

ModelAndView:
        View name = null
             View = null
            Model = null

FlashMap:
       Attributes = null

MockHttpServletResponse:
           Status = 404
    Error message = null
          Headers = []
     Content type = null
             Body = 
    Forwarded URL = null
   Redirected URL = null
          Cookies = []
]]></system-out>
  </testcase>
  <testcase name="saveNewBeer" classname="luis3000.msscbreweryclient.web.client.BeerControllerTest" time="0.011">
    <failure message="Status expected:&lt;201&gt; but was:&lt;404&gt;" type="java.lang.AssertionError"><![CDATA[java.lang.AssertionError: Status expected:<201> but was:<404>
	at luis3000.msscbreweryclient.web.client.BeerControllerTest.saveNewBeer(BeerControllerTest.java:85)
]]></failure>
    <system-out><![CDATA[
MockHttpServletRequest:
      HTTP Method = PUT
      Request URI = /api/v1/beer/158fbdc1-2428-4197-a063-befb349f9141
       Parameters = {}
          Headers = [Content-Type:"application/json"]
             Body = <no character encoding set>
    Session Attrs = {}

Handler:
             Type = org.springframework.web.servlet.resource.ResourceHttpRequestHandler

Async:
    Async started = false
     Async result = null

Resolved Exception:
             Type = null

ModelAndView:
        View name = null
             View = null
            Model = null

FlashMap:
       Attributes = null

MockHttpServletResponse:
           Status = 404
    Error message = null
          Headers = []
     Content type = null
             Body = 
    Forwarded URL = null
   Redirected URL = null
          Cookies = []

MockHttpServletRequest:
      HTTP Method = POST
      Request URI = /api/v1/beer/
       Parameters = {}
          Headers = [Content-Type:"application/json"]
             Body = <no character encoding set>
    Session Attrs = {}

Handler:
             Type = org.springframework.web.servlet.resource.ResourceHttpRequestHandler

Async:
    Async started = false
     Async result = null

Resolved Exception:
             Type = null

ModelAndView:
        View name = null
             View = null
            Model = null

FlashMap:
       Attributes = null

MockHttpServletResponse:
           Status = 404
    Error message = null
          Headers = []
     Content type = null
             Body = 
    Forwarded URL = null
   Redirected URL = null
          Cookies = []
]]></system-out>
  </testcase>
  <testcase name="getBeetById" classname="luis3000.msscbreweryclient.web.client.BeerControllerTest" time="0.008">
    <failure message="Status expected:&lt;200&gt; but was:&lt;404&gt;" type="java.lang.AssertionError"><![CDATA[java.lang.AssertionError: Status expected:<200> but was:<404>
	at luis3000.msscbreweryclient.web.client.BeerControllerTest.getBeetById(BeerControllerTest.java:54)
]]></failure>
    <system-out><![CDATA[
MockHttpServletRequest:
      HTTP Method = PUT
      Request URI = /api/v1/beer/158fbdc1-2428-4197-a063-befb349f9141
       Parameters = {}
          Headers = [Content-Type:"application/json"]
             Body = <no character encoding set>
    Session Attrs = {}

Handler:
             Type = org.springframework.web.servlet.resource.ResourceHttpRequestHandler

Async:
    Async started = false
     Async result = null

Resolved Exception:
             Type = null

ModelAndView:
        View name = null
             View = null
            Model = null

FlashMap:
       Attributes = null

MockHttpServletResponse:
           Status = 404
    Error message = null
          Headers = []
     Content type = null
             Body = 
    Forwarded URL = null
   Redirected URL = null
          Cookies = []

MockHttpServletRequest:
      HTTP Method = POST
      Request URI = /api/v1/beer/
       Parameters = {}
          Headers = [Content-Type:"application/json"]
             Body = <no character encoding set>
    Session Attrs = {}

Handler:
             Type = org.springframework.web.servlet.resource.ResourceHttpRequestHandler

Async:
    Async started = false
     Async result = null

Resolved Exception:
             Type = null

ModelAndView:
        View name = null
             View = null
            Model = null

FlashMap:
       Attributes = null

MockHttpServletResponse:
           Status = 404
    Error message = null
          Headers = []
     Content type = null
             Body = 
    Forwarded URL = null
   Redirected URL = null
          Cookies = []

MockHttpServletRequest:
      HTTP Method = GET
      Request URI = /api/v1/beer/74375154-e659-4f3f-9951-29772be36078
       Parameters = {iscold=[yes]}
          Headers = [Accept:"application/json"]
             Body = <no character encoding set>
    Session Attrs = {}

Handler:
             Type = org.springframework.web.servlet.resource.ResourceHttpRequestHandler

Async:
    Async started = false
     Async result = null

Resolved Exception:
             Type = null

ModelAndView:
        View name = null
             View = null
            Model = null

FlashMap:
       Attributes = null

MockHttpServletResponse:
           Status = 404
    Error message = null
          Headers = []
     Content type = null
             Body = 
    Forwarded URL = null
   Redirected URL = null
          Cookies = []
]]></system-out>
  </testcase>
</testsuite>