<?xml version="1.0" encoding="UTF-8"?>
<testsuite xmlns:xsi="http://www.w3.org/2001/XMLSchema-instance" xsi:noNamespaceSchemaLocation="https://maven.apache.org/surefire/maven-surefire-plugin/xsd/surefire-test-report-3.0.xsd" version="3.0" name="luis3000.msscbreweryclient.web.client.BreweryClientTest" time="2.026" tests="8" errors="8" skipped="0" failures="0">
  <properties>
[...]
</properties>
  <testcase name="getCustomerById" classname="luis3000.msscbreweryclient.web.client.BreweryClientTest" time="0.079">
    <error message="I/O error on GET request for &quot;http://localhost:8080/api/v1/customer/d7c30972-892c-42a0-9ade-a8c447401a86&quot;: Connect to localhost:8080 [localhost/127.0.0.1, localhost/0:0:0:0:0:0:0:1] failed: Connection refused; nested exception is org.apache.http.conn.HttpHostConnectException: Connect to localhost:8080 [localhost/127.0.0.1, localhost/0:0:0:0:0:0:0:1] failed: Connection refused" type="org.springframework.web.client.ResourceAccessException">org.springframework.web.client.ResourceAccessException: I/O error on GET request for "http://localhost:8080/api/v1/customer/d7c30972-892c-42a0-9ade-a8c447401a86": Connect to localhost:8080 [localhost/127.0.0.1, localhost/0:0:0:0:0:0:0:1] failed: Connection refused; nested exception is org.apache.http.conn.HttpHostConnectException: Connect to localhost:8080 [localhost/127.0.0.1, localhost/0:0:0:0:0:0:0:1] failed: Connection refused
	at luis3000.msscbreweryclient.web.client.BreweryClientTest.getCustomerById(BreweryClientTest.java:57)
Caused by: org.apache.http.conn.HttpHostConnectException: Connect to localhost:8080 [localhost/127.0.0.1, localhost/0:0:0:0:0:0:0:1] failed: Connection refused
	at luis3000.msscbreweryclient.web.client.BreweryClientTest.getCustomerById(BreweryClientTest.java:57)
Caused by: java.net.ConnectException: Connection refused
	at luis3000.msscbreweryclient.web.client.BreweryClientTest.getCustomerById(BreweryClientTest.java:57)
</error>
    <system-out><![CDATA[2024-06-17 17:46:56.038  INFO 4088 --- [           main] .b.t.c.SpringBootTestContextBootstrapper : Neither @ContextConfiguration nor @ContextHierarchy found for test class [luis3000.msscbreweryclient.web.client.BreweryClientTest], using SpringBootContextLoader
2024-06-17 17:46:56.038  INFO 4088 --- [           main] o.s.t.c.support.AbstractContextLoader    : Could not detect default resource locations for test class [luis3000.msscbreweryclient.web.client.BreweryClientTest]: no resource found for suffixes {-context.xml, Context.groovy}.
2024-06-17 17:46:56.038  INFO 4088 --- [           main] t.c.s.AnnotationConfigContextLoaderUtils : Could not detect default configuration classes for test class [luis3000.msscbreweryclient.web.client.BreweryClientTest]: BreweryClientTest does not declare any static, non-private, non-final, nested classes annotated with @Configuration.
2024-06-17 17:46:56.040  INFO 4088 --- [           main] .b.t.c.SpringBootTestContextBootstrapper : Found @SpringBootConfiguration luis3000.msscbreweryclient.MsscBreweryClientApplication for test class luis3000.msscbreweryclient.web.client.BreweryClientTest
2024-06-17 17:46:56.042  INFO 4088 --- [           main] .b.t.c.SpringBootTestContextBootstrapper : Loaded default TestExecutionListener class names from location [META-INF/spring.factories]: [org.springframework.boot.test.mock.mockito.MockitoTestExecutionListener, org.springframework.boot.test.mock.mockito.ResetMocksTestExecutionListener, org.springframework.boot.test.autoconfigure.restdocs.RestDocsTestExecutionListener, org.springframework.boot.test.autoconfigure.web.client.MockRestServiceServerResetTestExecutionListener, org.springframework.boot.test.autoconfigure.web.servlet.MockMvcPrintOnlyOnFailureTestExecutionListener, org.springframework.boot.test.autoconfigure.web.servlet.WebDriverTestExecutionListener, org.springframework.test.context.web.ServletTestExecutionListener, org.springframework.test.context.support.DirtiesContextBeforeModesTestExecutionListener, org.springframework.test.context.support.DependencyInjectionTestExecutionListener, org.springframework.test.context.support.DirtiesContextTestExecutionListener, org.springframework.test.context.transaction.TransactionalTestExecutionListener, org.springframework.test.context.jdbc.SqlScriptsTestExecutionListener]
2024-06-17 17:46:56.043  INFO 4088 --- [           main] .b.t.c.SpringBootTestContextBootstrapper : Using TestExecutionListeners: [org.springframework.test.context.web.ServletTestExecutionListener@58324c9f, org.springframework.test.context.support.DirtiesContextBeforeModesTestExecutionListener@5d7d8613, org.springframework.boot.test.mock.mockito.MockitoTestExecutionListener@6eb089e6, org.springframework.boot.test.autoconfigure.SpringBootDependencyInjectionTestExecutionListener@715a70e9, org.springframework.test.context.support.DirtiesContextTestExecutionListener@3bc69ce9, org.springframework.test.context.transaction.TransactionalTestExecutionListener@abad89c, org.springframework.test.context.jdbc.SqlScriptsTestExecutionListener@602f8f94, org.springframework.boot.test.mock.mockito.ResetMocksTestExecutionListener@42507640, org.springframework.boot.test.autoconfigure.restdocs.RestDocsTestExecutionListener@4dfe8b37, org.springframework.boot.test.autoconfigure.web.client.MockRestServiceServerResetTestExecutionListener@11dcd42c, org.springframework.boot.test.autoconfigure.web.servlet.MockMvcPrintOnlyOnFailureTestExecutionListener@d13baac, org.springframework.boot.test.autoconfigure.web.servlet.WebDriverTestExecutionListener@4c302f38]

  .   ____          _            __ _ _
 /\\ / ___'_ __ _ _(_)_ __  __ _ \ \ \ \
( ( )\___ | '_ | '_| | '_ \/ _` | \ \ \ \
 \\/  ___)| |_)| | | | | || (_| |  ) ) ) )
  '  |____| .__|_| |_|_| |_\__, | / / / /
 =========|_|==============|___/=/_/_/_/
 :: Spring Boot ::        (v2.1.5.RELEASE)

2024-06-17 17:46:56.058  INFO 4088 --- [           main] l.m.web.client.BreweryClientTest         : Starting BreweryClientTest on Joses-MBP.attlocal.net with PID 4088 (started by joseluiscastillo in /Users/joseluiscastillo/Documents/Udemy/SpringBootMicroservicesWithSpringCloudAndDocker/Springframeworkguru/mssc-brewery-client)
2024-06-17 17:46:56.058  INFO 4088 --- [           main] l.m.web.client.BreweryClientTest         : No active profile set, falling back to default profiles: default
2024-06-17 17:46:57.367  INFO 4088 --- [           main] o.s.s.concurrent.ThreadPoolTaskExecutor  : Initializing ExecutorService 'applicationTaskExecutor'
2024-06-17 17:46:57.430 DEBUG 4088 --- [      Finalizer] h.i.c.PoolingHttpClientConnectionManager : Connection manager is shutting down
2024-06-17 17:46:57.431 DEBUG 4088 --- [      Finalizer] h.i.c.PoolingHttpClientConnectionManager : Connection manager shut down
2024-06-17 17:46:57.885  INFO 4088 --- [           main] o.s.b.a.e.web.EndpointLinksResolver      : Exposing 2 endpoint(s) beneath base path '/actuator'
2024-06-17 17:46:57.931  INFO 4088 --- [           main] l.m.web.client.BreweryClientTest         : Started BreweryClientTest in 1.887 seconds (JVM running for 5.008)
2024-06-17 17:46:57.990 DEBUG 4088 --- [           main] o.a.h.client.protocol.RequestAddCookies  : CookieSpec selected: default
2024-06-17 17:46:57.997 DEBUG 4088 --- [           main] o.a.h.client.protocol.RequestAuthCache   : Auth cache not set in the context
2024-06-17 17:46:57.998 DEBUG 4088 --- [           main] h.i.c.PoolingHttpClientConnectionManager : Connection request: [route: {}->http://localhost:8080][total kept alive: 0; route allocated: 0 of 20; total allocated: 0 of 100]
2024-06-17 17:46:58.011 DEBUG 4088 --- [           main] h.i.c.PoolingHttpClientConnectionManager : Connection leased: [id: 0][route: {}->http://localhost:8080][total kept alive: 0; route allocated: 1 of 20; total allocated: 1 of 100]
2024-06-17 17:46:58.012 DEBUG 4088 --- [           main] o.a.http.impl.execchain.MainClientExec   : Opening connection {}->http://localhost:8080
2024-06-17 17:46:58.020 DEBUG 4088 --- [           main] .i.c.DefaultHttpClientConnectionOperator : Connecting to localhost/127.0.0.1:8080
2024-06-17 17:46:58.021 DEBUG 4088 --- [           main] .i.c.DefaultHttpClientConnectionOperator : Connect to localhost/127.0.0.1:8080 timed out. Connection will be retried using another IP address
2024-06-17 17:46:58.021 DEBUG 4088 --- [           main] .i.c.DefaultHttpClientConnectionOperator : Connecting to localhost/[0:0:0:0:0:0:0:1]:8080
2024-06-17 17:46:58.022 DEBUG 4088 --- [           main] h.i.c.DefaultManagedHttpClientConnection : http-outgoing-0: Shutdown connection
2024-06-17 17:46:58.022 DEBUG 4088 --- [           main] o.a.http.impl.execchain.MainClientExec   : Connection discarded
2024-06-17 17:46:58.022 DEBUG 4088 --- [           main] h.i.c.PoolingHttpClientConnectionManager : Connection released: [id: 0][route: {}->http://localhost:8080][total kept alive: 0; route allocated: 0 of 20; total allocated: 0 of 100]
]]></system-out>
  </testcase>
  <testcase name="saveNewBeer" classname="luis3000.msscbreweryclient.web.client.BreweryClientTest" time="0.015">
    <error message="I/O error on POST request for &quot;http://localhost:8080/api/v1/beer/&quot;: Connect to localhost:8080 [localhost/127.0.0.1, localhost/0:0:0:0:0:0:0:1] failed: Connection refused; nested exception is org.apache.http.conn.HttpHostConnectException: Connect to localhost:8080 [localhost/127.0.0.1, localhost/0:0:0:0:0:0:0:1] failed: Connection refused" type="org.springframework.web.client.ResourceAccessException">org.springframework.web.client.ResourceAccessException: I/O error on POST request for "http://localhost:8080/api/v1/beer/": Connect to localhost:8080 [localhost/127.0.0.1, localhost/0:0:0:0:0:0:0:1] failed: Connection refused; nested exception is org.apache.http.conn.HttpHostConnectException: Connect to localhost:8080 [localhost/127.0.0.1, localhost/0:0:0:0:0:0:0:1] failed: Connection refused
	at luis3000.msscbreweryclient.web.client.BreweryClientTest.saveNewBeer(BreweryClientTest.java:34)
Caused by: org.apache.http.conn.HttpHostConnectException: Connect to localhost:8080 [localhost/127.0.0.1, localhost/0:0:0:0:0:0:0:1] failed: Connection refused
	at luis3000.msscbreweryclient.web.client.BreweryClientTest.saveNewBeer(BreweryClientTest.java:34)
Caused by: java.net.ConnectException: Connection refused
	at luis3000.msscbreweryclient.web.client.BreweryClientTest.saveNewBeer(BreweryClientTest.java:34)
</error>
    <system-out><![CDATA[2024-06-17 17:46:58.037 DEBUG 4088 --- [           main] o.a.h.client.protocol.RequestAddCookies  : CookieSpec selected: default
2024-06-17 17:46:58.037 DEBUG 4088 --- [           main] o.a.h.client.protocol.RequestAuthCache   : Auth cache not set in the context
2024-06-17 17:46:58.037 DEBUG 4088 --- [           main] h.i.c.PoolingHttpClientConnectionManager : Connection request: [route: {}->http://localhost:8080][total kept alive: 0; route allocated: 0 of 20; total allocated: 0 of 100]
2024-06-17 17:46:58.038 DEBUG 4088 --- [           main] h.i.c.PoolingHttpClientConnectionManager : Connection leased: [id: 1][route: {}->http://localhost:8080][total kept alive: 0; route allocated: 1 of 20; total allocated: 1 of 100]
2024-06-17 17:46:58.038 DEBUG 4088 --- [           main] o.a.http.impl.execchain.MainClientExec   : Opening connection {}->http://localhost:8080
2024-06-17 17:46:58.038 DEBUG 4088 --- [           main] .i.c.DefaultHttpClientConnectionOperator : Connecting to localhost/127.0.0.1:8080
2024-06-17 17:46:58.038 DEBUG 4088 --- [           main] .i.c.DefaultHttpClientConnectionOperator : Connect to localhost/127.0.0.1:8080 timed out. Connection will be retried using another IP address
2024-06-17 17:46:58.038 DEBUG 4088 --- [           main] .i.c.DefaultHttpClientConnectionOperator : Connecting to localhost/[0:0:0:0:0:0:0:1]:8080
2024-06-17 17:46:58.039 DEBUG 4088 --- [           main] h.i.c.DefaultManagedHttpClientConnection : http-outgoing-1: Shutdown connection
2024-06-17 17:46:58.039 DEBUG 4088 --- [           main] o.a.http.impl.execchain.MainClientExec   : Connection discarded
2024-06-17 17:46:58.039 DEBUG 4088 --- [           main] h.i.c.PoolingHttpClientConnectionManager : Connection released: [id: 1][route: {}->http://localhost:8080][total kept alive: 0; route allocated: 0 of 20; total allocated: 0 of 100]
]]></system-out>
  </testcase>
  <testcase name="testUpdateBeer" classname="luis3000.msscbreweryclient.web.client.BreweryClientTest" time="0.007">
    <error message="I/O error on PUT request for &quot;http://localhost:8080/api/v1/beer/ef35f8b4-a1b3-491c-a77d-5b9261c24fa6&quot;: Connect to localhost:8080 [localhost/127.0.0.1, localhost/0:0:0:0:0:0:0:1] failed: Connection refused; nested exception is org.apache.http.conn.HttpHostConnectException: Connect to localhost:8080 [localhost/127.0.0.1, localhost/0:0:0:0:0:0:0:1] failed: Connection refused" type="org.springframework.web.client.ResourceAccessException">org.springframework.web.client.ResourceAccessException: I/O error on PUT request for "http://localhost:8080/api/v1/beer/ef35f8b4-a1b3-491c-a77d-5b9261c24fa6": Connect to localhost:8080 [localhost/127.0.0.1, localhost/0:0:0:0:0:0:0:1] failed: Connection refused; nested exception is org.apache.http.conn.HttpHostConnectException: Connect to localhost:8080 [localhost/127.0.0.1, localhost/0:0:0:0:0:0:0:1] failed: Connection refused
	at luis3000.msscbreweryclient.web.client.BreweryClientTest.testUpdateBeer(BreweryClientTest.java:43)
Caused by: org.apache.http.conn.HttpHostConnectException: Connect to localhost:8080 [localhost/127.0.0.1, localhost/0:0:0:0:0:0:0:1] failed: Connection refused
	at luis3000.msscbreweryclient.web.client.BreweryClientTest.testUpdateBeer(BreweryClientTest.java:43)
Caused by: java.net.ConnectException: Connection refused
	at luis3000.msscbreweryclient.web.client.BreweryClientTest.testUpdateBeer(BreweryClientTest.java:43)
</error>
    <system-out><![CDATA[2024-06-17 17:46:58.044 DEBUG 4088 --- [           main] o.a.h.client.protocol.RequestAddCookies  : CookieSpec selected: default
2024-06-17 17:46:58.044 DEBUG 4088 --- [           main] o.a.h.client.protocol.RequestAuthCache   : Auth cache not set in the context
2024-06-17 17:46:58.044 DEBUG 4088 --- [           main] h.i.c.PoolingHttpClientConnectionManager : Connection request: [route: {}->http://localhost:8080][total kept alive: 0; route allocated: 0 of 20; total allocated: 0 of 100]
2024-06-17 17:46:58.045 DEBUG 4088 --- [           main] h.i.c.PoolingHttpClientConnectionManager : Connection leased: [id: 2][route: {}->http://localhost:8080][total kept alive: 0; route allocated: 1 of 20; total allocated: 1 of 100]
2024-06-17 17:46:58.045 DEBUG 4088 --- [           main] o.a.http.impl.execchain.MainClientExec   : Opening connection {}->http://localhost:8080
2024-06-17 17:46:58.045 DEBUG 4088 --- [           main] .i.c.DefaultHttpClientConnectionOperator : Connecting to localhost/127.0.0.1:8080
2024-06-17 17:46:58.045 DEBUG 4088 --- [           main] .i.c.DefaultHttpClientConnectionOperator : Connect to localhost/127.0.0.1:8080 timed out. Connection will be retried using another IP address
2024-06-17 17:46:58.045 DEBUG 4088 --- [           main] .i.c.DefaultHttpClientConnectionOperator : Connecting to localhost/[0:0:0:0:0:0:0:1]:8080
2024-06-17 17:46:58.046 DEBUG 4088 --- [           main] h.i.c.DefaultManagedHttpClientConnection : http-outgoing-2: Shutdown connection
2024-06-17 17:46:58.046 DEBUG 4088 --- [           main] o.a.http.impl.execchain.MainClientExec   : Connection discarded
2024-06-17 17:46:58.046 DEBUG 4088 --- [           main] h.i.c.PoolingHttpClientConnectionManager : Connection released: [id: 2][route: {}->http://localhost:8080][total kept alive: 0; route allocated: 0 of 20; total allocated: 0 of 100]
]]></system-out>
  </testcase>
  <testcase name="getBeerById" classname="luis3000.msscbreweryclient.web.client.BreweryClientTest" time="0.01">
    <error message="I/O error on GET request for &quot;http://localhost:8080/api/v1/beer/b8eb290c-66f8-41a9-8e7c-4e51c7fc5a8d&quot;: Connect to localhost:8080 [localhost/127.0.0.1, localhost/0:0:0:0:0:0:0:1] failed: Connection refused; nested exception is org.apache.http.conn.HttpHostConnectException: Connect to localhost:8080 [localhost/127.0.0.1, localhost/0:0:0:0:0:0:0:1] failed: Connection refused" type="org.springframework.web.client.ResourceAccessException">org.springframework.web.client.ResourceAccessException: I/O error on GET request for "http://localhost:8080/api/v1/beer/b8eb290c-66f8-41a9-8e7c-4e51c7fc5a8d": Connect to localhost:8080 [localhost/127.0.0.1, localhost/0:0:0:0:0:0:0:1] failed: Connection refused; nested exception is org.apache.http.conn.HttpHostConnectException: Connect to localhost:8080 [localhost/127.0.0.1, localhost/0:0:0:0:0:0:0:1] failed: Connection refused
	at luis3000.msscbreweryclient.web.client.BreweryClientTest.getBeerById(BreweryClientTest.java:25)
Caused by: org.apache.http.conn.HttpHostConnectException: Connect to localhost:8080 [localhost/127.0.0.1, localhost/0:0:0:0:0:0:0:1] failed: Connection refused
	at luis3000.msscbreweryclient.web.client.BreweryClientTest.getBeerById(BreweryClientTest.java:25)
Caused by: java.net.ConnectException: Connection refused
	at luis3000.msscbreweryclient.web.client.BreweryClientTest.getBeerById(BreweryClientTest.java:25)
</error>
    <system-out><![CDATA[2024-06-17 17:46:58.055 DEBUG 4088 --- [           main] o.a.h.client.protocol.RequestAddCookies  : CookieSpec selected: default
2024-06-17 17:46:58.055 DEBUG 4088 --- [           main] o.a.h.client.protocol.RequestAuthCache   : Auth cache not set in the context
2024-06-17 17:46:58.055 DEBUG 4088 --- [           main] h.i.c.PoolingHttpClientConnectionManager : Connection request: [route: {}->http://localhost:8080][total kept alive: 0; route allocated: 0 of 20; total allocated: 0 of 100]
2024-06-17 17:46:58.055 DEBUG 4088 --- [           main] h.i.c.PoolingHttpClientConnectionManager : Connection leased: [id: 3][route: {}->http://localhost:8080][total kept alive: 0; route allocated: 1 of 20; total allocated: 1 of 100]
2024-06-17 17:46:58.055 DEBUG 4088 --- [           main] o.a.http.impl.execchain.MainClientExec   : Opening connection {}->http://localhost:8080
2024-06-17 17:46:58.056 DEBUG 4088 --- [           main] .i.c.DefaultHttpClientConnectionOperator : Connecting to localhost/127.0.0.1:8080
2024-06-17 17:46:58.056 DEBUG 4088 --- [           main] .i.c.DefaultHttpClientConnectionOperator : Connect to localhost/127.0.0.1:8080 timed out. Connection will be retried using another IP address
2024-06-17 17:46:58.056 DEBUG 4088 --- [           main] .i.c.DefaultHttpClientConnectionOperator : Connecting to localhost/[0:0:0:0:0:0:0:1]:8080
2024-06-17 17:46:58.057 DEBUG 4088 --- [           main] h.i.c.DefaultManagedHttpClientConnection : http-outgoing-3: Shutdown connection
2024-06-17 17:46:58.057 DEBUG 4088 --- [           main] o.a.http.impl.execchain.MainClientExec   : Connection discarded
2024-06-17 17:46:58.057 DEBUG 4088 --- [           main] h.i.c.PoolingHttpClientConnectionManager : Connection released: [id: 3][route: {}->http://localhost:8080][total kept alive: 0; route allocated: 0 of 20; total allocated: 0 of 100]
]]></system-out>
  </testcase>
  <testcase name="testUpdateCustomer" classname="luis3000.msscbreweryclient.web.client.BreweryClientTest" time="0.006">
    <error message="I/O error on PUT request for &quot;http://localhost:8080/api/v1/customer/5505f4f3-dd88-4eda-93b9-7878df175d8f&quot;: Connect to localhost:8080 [localhost/127.0.0.1, localhost/0:0:0:0:0:0:0:1] failed: Connection refused; nested exception is org.apache.http.conn.HttpHostConnectException: Connect to localhost:8080 [localhost/127.0.0.1, localhost/0:0:0:0:0:0:0:1] failed: Connection refused" type="org.springframework.web.client.ResourceAccessException">org.springframework.web.client.ResourceAccessException: I/O error on PUT request for "http://localhost:8080/api/v1/customer/5505f4f3-dd88-4eda-93b9-7878df175d8f": Connect to localhost:8080 [localhost/127.0.0.1, localhost/0:0:0:0:0:0:0:1] failed: Connection refused; nested exception is org.apache.http.conn.HttpHostConnectException: Connect to localhost:8080 [localhost/127.0.0.1, localhost/0:0:0:0:0:0:0:1] failed: Connection refused
	at luis3000.msscbreweryclient.web.client.BreweryClientTest.testUpdateCustomer(BreweryClientTest.java:78)
Caused by: org.apache.http.conn.HttpHostConnectException: Connect to localhost:8080 [localhost/127.0.0.1, localhost/0:0:0:0:0:0:0:1] failed: Connection refused
	at luis3000.msscbreweryclient.web.client.BreweryClientTest.testUpdateCustomer(BreweryClientTest.java:78)
Caused by: java.net.ConnectException: Connection refused
	at luis3000.msscbreweryclient.web.client.BreweryClientTest.testUpdateCustomer(BreweryClientTest.java:78)
</error>
    <system-out><![CDATA[2024-06-17 17:46:58.062 DEBUG 4088 --- [           main] o.a.h.client.protocol.RequestAddCookies  : CookieSpec selected: default
2024-06-17 17:46:58.062 DEBUG 4088 --- [           main] o.a.h.client.protocol.RequestAuthCache   : Auth cache not set in the context
2024-06-17 17:46:58.062 DEBUG 4088 --- [           main] h.i.c.PoolingHttpClientConnectionManager : Connection request: [route: {}->http://localhost:8080][total kept alive: 0; route allocated: 0 of 20; total allocated: 0 of 100]
2024-06-17 17:46:58.062 DEBUG 4088 --- [           main] h.i.c.PoolingHttpClientConnectionManager : Connection leased: [id: 4][route: {}->http://localhost:8080][total kept alive: 0; route allocated: 1 of 20; total allocated: 1 of 100]
2024-06-17 17:46:58.062 DEBUG 4088 --- [           main] o.a.http.impl.execchain.MainClientExec   : Opening connection {}->http://localhost:8080
2024-06-17 17:46:58.062 DEBUG 4088 --- [           main] .i.c.DefaultHttpClientConnectionOperator : Connecting to localhost/127.0.0.1:8080
2024-06-17 17:46:58.063 DEBUG 4088 --- [           main] .i.c.DefaultHttpClientConnectionOperator : Connect to localhost/127.0.0.1:8080 timed out. Connection will be retried using another IP address
2024-06-17 17:46:58.063 DEBUG 4088 --- [           main] .i.c.DefaultHttpClientConnectionOperator : Connecting to localhost/[0:0:0:0:0:0:0:1]:8080
2024-06-17 17:46:58.063 DEBUG 4088 --- [           main] h.i.c.DefaultManagedHttpClientConnection : http-outgoing-4: Shutdown connection
2024-06-17 17:46:58.063 DEBUG 4088 --- [           main] o.a.http.impl.execchain.MainClientExec   : Connection discarded
2024-06-17 17:46:58.063 DEBUG 4088 --- [           main] h.i.c.PoolingHttpClientConnectionManager : Connection released: [id: 4][route: {}->http://localhost:8080][total kept alive: 0; route allocated: 0 of 20; total allocated: 0 of 100]
]]></system-out>
  </testcase>
  <testcase name="testSavedNewCustomer" classname="luis3000.msscbreweryclient.web.client.BreweryClientTest" time="0.005">
    <error message="I/O error on POST request for &quot;http://localhost:8080/api/v1/customer/&quot;: Connect to localhost:8080 [localhost/127.0.0.1, localhost/0:0:0:0:0:0:0:1] failed: Connection refused; nested exception is org.apache.http.conn.HttpHostConnectException: Connect to localhost:8080 [localhost/127.0.0.1, localhost/0:0:0:0:0:0:0:1] failed: Connection refused" type="org.springframework.web.client.ResourceAccessException">org.springframework.web.client.ResourceAccessException: I/O error on POST request for "http://localhost:8080/api/v1/customer/": Connect to localhost:8080 [localhost/127.0.0.1, localhost/0:0:0:0:0:0:0:1] failed: Connection refused; nested exception is org.apache.http.conn.HttpHostConnectException: Connect to localhost:8080 [localhost/127.0.0.1, localhost/0:0:0:0:0:0:0:1] failed: Connection refused
	at luis3000.msscbreweryclient.web.client.BreweryClientTest.testSavedNewCustomer(BreweryClientTest.java:66)
Caused by: org.apache.http.conn.HttpHostConnectException: Connect to localhost:8080 [localhost/127.0.0.1, localhost/0:0:0:0:0:0:0:1] failed: Connection refused
	at luis3000.msscbreweryclient.web.client.BreweryClientTest.testSavedNewCustomer(BreweryClientTest.java:66)
Caused by: java.net.ConnectException: Connection refused
	at luis3000.msscbreweryclient.web.client.BreweryClientTest.testSavedNewCustomer(BreweryClientTest.java:66)
</error>
    <system-out><![CDATA[2024-06-17 17:46:58.067 DEBUG 4088 --- [           main] o.a.h.client.protocol.RequestAddCookies  : CookieSpec selected: default
2024-06-17 17:46:58.067 DEBUG 4088 --- [           main] o.a.h.client.protocol.RequestAuthCache   : Auth cache not set in the context
2024-06-17 17:46:58.067 DEBUG 4088 --- [           main] h.i.c.PoolingHttpClientConnectionManager : Connection request: [route: {}->http://localhost:8080][total kept alive: 0; route allocated: 0 of 20; total allocated: 0 of 100]
2024-06-17 17:46:58.067 DEBUG 4088 --- [           main] h.i.c.PoolingHttpClientConnectionManager : Connection leased: [id: 5][route: {}->http://localhost:8080][total kept alive: 0; route allocated: 1 of 20; total allocated: 1 of 100]
2024-06-17 17:46:58.067 DEBUG 4088 --- [           main] o.a.http.impl.execchain.MainClientExec   : Opening connection {}->http://localhost:8080
2024-06-17 17:46:58.068 DEBUG 4088 --- [           main] .i.c.DefaultHttpClientConnectionOperator : Connecting to localhost/127.0.0.1:8080
2024-06-17 17:46:58.068 DEBUG 4088 --- [           main] .i.c.DefaultHttpClientConnectionOperator : Connect to localhost/127.0.0.1:8080 timed out. Connection will be retried using another IP address
2024-06-17 17:46:58.068 DEBUG 4088 --- [           main] .i.c.DefaultHttpClientConnectionOperator : Connecting to localhost/[0:0:0:0:0:0:0:1]:8080
2024-06-17 17:46:58.069 DEBUG 4088 --- [           main] h.i.c.DefaultManagedHttpClientConnection : http-outgoing-5: Shutdown connection
2024-06-17 17:46:58.069 DEBUG 4088 --- [           main] o.a.http.impl.execchain.MainClientExec   : Connection discarded
2024-06-17 17:46:58.069 DEBUG 4088 --- [           main] h.i.c.PoolingHttpClientConnectionManager : Connection released: [id: 5][route: {}->http://localhost:8080][total kept alive: 0; route allocated: 0 of 20; total allocated: 0 of 100]
]]></system-out>
  </testcase>
  <testcase name="testDeleteBeer" classname="luis3000.msscbreweryclient.web.client.BreweryClientTest" time="0.006">
    <error message="I/O error on DELETE request for &quot;http://localhost:8080/api/v1/beer/e3b1eb2b-445c-4aff-97c5-09dc72d04b8b&quot;: Connect to localhost:8080 [localhost/127.0.0.1, localhost/0:0:0:0:0:0:0:1] failed: Connection refused; nested exception is org.apache.http.conn.HttpHostConnectException: Connect to localhost:8080 [localhost/127.0.0.1, localhost/0:0:0:0:0:0:0:1] failed: Connection refused" type="org.springframework.web.client.ResourceAccessException">org.springframework.web.client.ResourceAccessException: I/O error on DELETE request for "http://localhost:8080/api/v1/beer/e3b1eb2b-445c-4aff-97c5-09dc72d04b8b": Connect to localhost:8080 [localhost/127.0.0.1, localhost/0:0:0:0:0:0:0:1] failed: Connection refused; nested exception is org.apache.http.conn.HttpHostConnectException: Connect to localhost:8080 [localhost/127.0.0.1, localhost/0:0:0:0:0:0:0:1] failed: Connection refused
	at luis3000.msscbreweryclient.web.client.BreweryClientTest.testDeleteBeer(BreweryClientTest.java:48)
Caused by: org.apache.http.conn.HttpHostConnectException: Connect to localhost:8080 [localhost/127.0.0.1, localhost/0:0:0:0:0:0:0:1] failed: Connection refused
	at luis3000.msscbreweryclient.web.client.BreweryClientTest.testDeleteBeer(BreweryClientTest.java:48)
Caused by: java.net.ConnectException: Connection refused
	at luis3000.msscbreweryclient.web.client.BreweryClientTest.testDeleteBeer(BreweryClientTest.java:48)
</error>
    <system-out><![CDATA[2024-06-17 17:46:58.073 DEBUG 4088 --- [           main] o.a.h.client.protocol.RequestAddCookies  : CookieSpec selected: default
2024-06-17 17:46:58.073 DEBUG 4088 --- [           main] o.a.h.client.protocol.RequestAuthCache   : Auth cache not set in the context
2024-06-17 17:46:58.073 DEBUG 4088 --- [           main] h.i.c.PoolingHttpClientConnectionManager : Connection request: [route: {}->http://localhost:8080][total kept alive: 0; route allocated: 0 of 20; total allocated: 0 of 100]
2024-06-17 17:46:58.073 DEBUG 4088 --- [           main] h.i.c.PoolingHttpClientConnectionManager : Connection leased: [id: 6][route: {}->http://localhost:8080][total kept alive: 0; route allocated: 1 of 20; total allocated: 1 of 100]
2024-06-17 17:46:58.073 DEBUG 4088 --- [           main] o.a.http.impl.execchain.MainClientExec   : Opening connection {}->http://localhost:8080
2024-06-17 17:46:58.073 DEBUG 4088 --- [           main] .i.c.DefaultHttpClientConnectionOperator : Connecting to localhost/127.0.0.1:8080
2024-06-17 17:46:58.074 DEBUG 4088 --- [           main] .i.c.DefaultHttpClientConnectionOperator : Connect to localhost/127.0.0.1:8080 timed out. Connection will be retried using another IP address
2024-06-17 17:46:58.074 DEBUG 4088 --- [           main] .i.c.DefaultHttpClientConnectionOperator : Connecting to localhost/[0:0:0:0:0:0:0:1]:8080
2024-06-17 17:46:58.074 DEBUG 4088 --- [           main] h.i.c.DefaultManagedHttpClientConnection : http-outgoing-6: Shutdown connection
2024-06-17 17:46:58.074 DEBUG 4088 --- [           main] o.a.http.impl.execchain.MainClientExec   : Connection discarded
2024-06-17 17:46:58.074 DEBUG 4088 --- [           main] h.i.c.PoolingHttpClientConnectionManager : Connection released: [id: 6][route: {}->http://localhost:8080][total kept alive: 0; route allocated: 0 of 20; total allocated: 0 of 100]
]]></system-out>
  </testcase>
  <testcase name="testDeleteCustomer" classname="luis3000.msscbreweryclient.web.client.BreweryClientTest" time="0.005">
    <error message="I/O error on DELETE request for &quot;http://localhost:8080/api/v1/beer/4321f6d2-f874-4d9d-8c45-3d2605a4711d&quot;: Connect to localhost:8080 [localhost/127.0.0.1, localhost/0:0:0:0:0:0:0:1] failed: Connection refused; nested exception is org.apache.http.conn.HttpHostConnectException: Connect to localhost:8080 [localhost/127.0.0.1, localhost/0:0:0:0:0:0:0:1] failed: Connection refused" type="org.springframework.web.client.ResourceAccessException">org.springframework.web.client.ResourceAccessException: I/O error on DELETE request for "http://localhost:8080/api/v1/beer/4321f6d2-f874-4d9d-8c45-3d2605a4711d": Connect to localhost:8080 [localhost/127.0.0.1, localhost/0:0:0:0:0:0:0:1] failed: Connection refused; nested exception is org.apache.http.conn.HttpHostConnectException: Connect to localhost:8080 [localhost/127.0.0.1, localhost/0:0:0:0:0:0:0:1] failed: Connection refused
	at luis3000.msscbreweryclient.web.client.BreweryClientTest.testDeleteCustomer(BreweryClientTest.java:83)
Caused by: org.apache.http.conn.HttpHostConnectException: Connect to localhost:8080 [localhost/127.0.0.1, localhost/0:0:0:0:0:0:0:1] failed: Connection refused
	at luis3000.msscbreweryclient.web.client.BreweryClientTest.testDeleteCustomer(BreweryClientTest.java:83)
Caused by: java.net.ConnectException: Connection refused
	at luis3000.msscbreweryclient.web.client.BreweryClientTest.testDeleteCustomer(BreweryClientTest.java:83)
</error>
    <system-out><![CDATA[2024-06-17 17:46:58.080 DEBUG 4088 --- [           main] o.a.h.client.protocol.RequestAddCookies  : CookieSpec selected: default
2024-06-17 17:46:58.080 DEBUG 4088 --- [           main] o.a.h.client.protocol.RequestAuthCache   : Auth cache not set in the context
2024-06-17 17:46:58.080 DEBUG 4088 --- [           main] h.i.c.PoolingHttpClientConnectionManager : Connection request: [route: {}->http://localhost:8080][total kept alive: 0; route allocated: 0 of 20; total allocated: 0 of 100]
2024-06-17 17:46:58.080 DEBUG 4088 --- [           main] h.i.c.PoolingHttpClientConnectionManager : Connection leased: [id: 7][route: {}->http://localhost:8080][total kept alive: 0; route allocated: 1 of 20; total allocated: 1 of 100]
2024-06-17 17:46:58.080 DEBUG 4088 --- [           main] o.a.http.impl.execchain.MainClientExec   : Opening connection {}->http://localhost:8080
2024-06-17 17:46:58.080 DEBUG 4088 --- [           main] .i.c.DefaultHttpClientConnectionOperator : Connecting to localhost/127.0.0.1:8080
2024-06-17 17:46:58.081 DEBUG 4088 --- [           main] .i.c.DefaultHttpClientConnectionOperator : Connect to localhost/127.0.0.1:8080 timed out. Connection will be retried using another IP address
2024-06-17 17:46:58.081 DEBUG 4088 --- [           main] .i.c.DefaultHttpClientConnectionOperator : Connecting to localhost/[0:0:0:0:0:0:0:1]:8080
2024-06-17 17:46:58.081 DEBUG 4088 --- [           main] h.i.c.DefaultManagedHttpClientConnection : http-outgoing-7: Shutdown connection
2024-06-17 17:46:58.081 DEBUG 4088 --- [           main] o.a.http.impl.execchain.MainClientExec   : Connection discarded
2024-06-17 17:46:58.081 DEBUG 4088 --- [           main] h.i.c.PoolingHttpClientConnectionManager : Connection released: [id: 7][route: {}->http://localhost:8080][total kept alive: 0; route allocated: 0 of 20; total allocated: 0 of 100]
]]></system-out>
  </testcase>
</testsuite>