<?xml version="1.0" encoding="UTF-8"?>
<testsuite xmlns:xsi="http://www.w3.org/2001/XMLSchema-instance" xsi:noNamespaceSchemaLocation="https://maven.apache.org/surefire/maven-surefire-plugin/xsd/surefire-test-report-3.0.xsd" version="3.0" name="luis3000.msscbreweryclient.web.client.BreweryClientTest" time="1.84" tests="8" errors="8" skipped="0" failures="0">
  <properties>
[...]
</properties>
  <testcase name="getCustomerById" classname="luis3000.msscbreweryclient.web.client.BreweryClientTest" time="0.072">
    <error message="I/O error on GET request for &quot;http://localhost:8080/api/v1/customer/6072b219-10bb-4d86-acb0-575dfadcaa7a&quot;: Connect to localhost:8080 [localhost/127.0.0.1, localhost/0:0:0:0:0:0:0:1] failed: Connection refused; nested exception is org.apache.http.conn.HttpHostConnectException: Connect to localhost:8080 [localhost/127.0.0.1, localhost/0:0:0:0:0:0:0:1] failed: Connection refused" type="org.springframework.web.client.ResourceAccessException">org.springframework.web.client.ResourceAccessException: I/O error on GET request for "http://localhost:8080/api/v1/customer/6072b219-10bb-4d86-acb0-575dfadcaa7a": Connect to localhost:8080 [localhost/127.0.0.1, localhost/0:0:0:0:0:0:0:1] failed: Connection refused; nested exception is org.apache.http.conn.HttpHostConnectException: Connect to localhost:8080 [localhost/127.0.0.1, localhost/0:0:0:0:0:0:0:1] failed: Connection refused
	at luis3000.msscbreweryclient.web.client.BreweryClientTest.getCustomerById(BreweryClientTest.java:57)
Caused by: org.apache.http.conn.HttpHostConnectException: Connect to localhost:8080 [localhost/127.0.0.1, localhost/0:0:0:0:0:0:0:1] failed: Connection refused
	at luis3000.msscbreweryclient.web.client.BreweryClientTest.getCustomerById(BreweryClientTest.java:57)
Caused by: java.net.ConnectException: Connection refused
	at luis3000.msscbreweryclient.web.client.BreweryClientTest.getCustomerById(BreweryClientTest.java:57)
</error>
    <system-out><![CDATA[2024-06-25 14:39:06.782  INFO 19172 --- [           main] .b.t.c.SpringBootTestContextBootstrapper : Neither @ContextConfiguration nor @ContextHierarchy found for test class [luis3000.msscbreweryclient.web.client.BreweryClientTest], using SpringBootContextLoader
2024-06-25 14:39:06.783  INFO 19172 --- [           main] o.s.t.c.support.AbstractContextLoader    : Could not detect default resource locations for test class [luis3000.msscbreweryclient.web.client.BreweryClientTest]: no resource found for suffixes {-context.xml, Context.groovy}.
2024-06-25 14:39:06.783  INFO 19172 --- [           main] t.c.s.AnnotationConfigContextLoaderUtils : Could not detect default configuration classes for test class [luis3000.msscbreweryclient.web.client.BreweryClientTest]: BreweryClientTest does not declare any static, non-private, non-final, nested classes annotated with @Configuration.
2024-06-25 14:39:06.785  INFO 19172 --- [           main] .b.t.c.SpringBootTestContextBootstrapper : Found @SpringBootConfiguration luis3000.msscbreweryclient.MsscBreweryClientApplication for test class luis3000.msscbreweryclient.web.client.BreweryClientTest
2024-06-25 14:39:06.787  INFO 19172 --- [           main] .b.t.c.SpringBootTestContextBootstrapper : Loaded default TestExecutionListener class names from location [META-INF/spring.factories]: [org.springframework.boot.test.mock.mockito.MockitoTestExecutionListener, org.springframework.boot.test.mock.mockito.ResetMocksTestExecutionListener, org.springframework.boot.test.autoconfigure.restdocs.RestDocsTestExecutionListener, org.springframework.boot.test.autoconfigure.web.client.MockRestServiceServerResetTestExecutionListener, org.springframework.boot.test.autoconfigure.web.servlet.MockMvcPrintOnlyOnFailureTestExecutionListener, org.springframework.boot.test.autoconfigure.web.servlet.WebDriverTestExecutionListener, org.springframework.test.context.web.ServletTestExecutionListener, org.springframework.test.context.support.DirtiesContextBeforeModesTestExecutionListener, org.springframework.test.context.support.DependencyInjectionTestExecutionListener, org.springframework.test.context.support.DirtiesContextTestExecutionListener, org.springframework.test.context.transaction.TransactionalTestExecutionListener, org.springframework.test.context.jdbc.SqlScriptsTestExecutionListener]
2024-06-25 14:39:06.787  INFO 19172 --- [           main] .b.t.c.SpringBootTestContextBootstrapper : Using TestExecutionListeners: [org.springframework.test.context.web.ServletTestExecutionListener@62b09715, org.springframework.test.context.support.DirtiesContextBeforeModesTestExecutionListener@3e214105, org.springframework.boot.test.mock.mockito.MockitoTestExecutionListener@da4cf09, org.springframework.boot.test.autoconfigure.SpringBootDependencyInjectionTestExecutionListener@1980a3f, org.springframework.test.context.support.DirtiesContextTestExecutionListener@67f63d26, org.springframework.test.context.transaction.TransactionalTestExecutionListener@536b71b4, org.springframework.test.context.jdbc.SqlScriptsTestExecutionListener@789c3057, org.springframework.boot.test.mock.mockito.ResetMocksTestExecutionListener@39941489, org.springframework.boot.test.autoconfigure.restdocs.RestDocsTestExecutionListener@6f5d0190, org.springframework.boot.test.autoconfigure.web.client.MockRestServiceServerResetTestExecutionListener@67332b1e, org.springframework.boot.test.autoconfigure.web.servlet.MockMvcPrintOnlyOnFailureTestExecutionListener@7e34b127, org.springframework.boot.test.autoconfigure.web.servlet.WebDriverTestExecutionListener@679dd234]

  .   ____          _            __ _ _
 /\\ / ___'_ __ _ _(_)_ __  __ _ \ \ \ \
( ( )\___ | '_ | '_| | '_ \/ _` | \ \ \ \
 \\/  ___)| |_)| | | | | || (_| |  ) ) ) )
  '  |____| .__|_| |_|_| |_\__, | / / / /
 =========|_|==============|___/=/_/_/_/
 :: Spring Boot ::        (v2.1.5.RELEASE)

2024-06-25 14:39:06.806  INFO 19172 --- [           main] l.m.web.client.BreweryClientTest         : Starting BreweryClientTest on Joses-MBP.attlocal.net with PID 19172 (started by joseluiscastillo in /Users/joseluiscastillo/Documents/Udemy/SpringBootMicroservicesWithSpringCloudAndDocker/Springframeworkguru/mssc-brewery-client)
2024-06-25 14:39:06.806  INFO 19172 --- [           main] l.m.web.client.BreweryClientTest         : No active profile set, falling back to default profiles: default
2024-06-25 14:39:07.918 DEBUG 19172 --- [      Finalizer] h.i.c.PoolingHttpClientConnectionManager : Connection manager is shutting down
2024-06-25 14:39:07.918 DEBUG 19172 --- [      Finalizer] h.i.c.PoolingHttpClientConnectionManager : Connection manager shut down
2024-06-25 14:39:08.031  INFO 19172 --- [           main] o.s.s.concurrent.ThreadPoolTaskExecutor  : Initializing ExecutorService 'applicationTaskExecutor'
2024-06-25 14:39:08.472  INFO 19172 --- [           main] o.s.b.a.e.web.EndpointLinksResolver      : Exposing 2 endpoint(s) beneath base path '/actuator'
2024-06-25 14:39:08.505  INFO 19172 --- [           main] l.m.web.client.BreweryClientTest         : Started BreweryClientTest in 1.716 seconds (JVM running for 4.562)
2024-06-25 14:39:08.560 DEBUG 19172 --- [           main] o.a.h.client.protocol.RequestAddCookies  : CookieSpec selected: default
2024-06-25 14:39:08.566 DEBUG 19172 --- [           main] o.a.h.client.protocol.RequestAuthCache   : Auth cache not set in the context
2024-06-25 14:39:08.567 DEBUG 19172 --- [           main] h.i.c.PoolingHttpClientConnectionManager : Connection request: [route: {}->http://localhost:8080][total kept alive: 0; route allocated: 0 of 20; total allocated: 0 of 100]
2024-06-25 14:39:08.578 DEBUG 19172 --- [           main] h.i.c.PoolingHttpClientConnectionManager : Connection leased: [id: 0][route: {}->http://localhost:8080][total kept alive: 0; route allocated: 1 of 20; total allocated: 1 of 100]
2024-06-25 14:39:08.580 DEBUG 19172 --- [           main] o.a.http.impl.execchain.MainClientExec   : Opening connection {}->http://localhost:8080
2024-06-25 14:39:08.586 DEBUG 19172 --- [           main] .i.c.DefaultHttpClientConnectionOperator : Connecting to localhost/127.0.0.1:8080
2024-06-25 14:39:08.588 DEBUG 19172 --- [           main] .i.c.DefaultHttpClientConnectionOperator : Connect to localhost/127.0.0.1:8080 timed out. Connection will be retried using another IP address
2024-06-25 14:39:08.588 DEBUG 19172 --- [           main] .i.c.DefaultHttpClientConnectionOperator : Connecting to localhost/[0:0:0:0:0:0:0:1]:8080
2024-06-25 14:39:08.588 DEBUG 19172 --- [           main] h.i.c.DefaultManagedHttpClientConnection : http-outgoing-0: Shutdown connection
2024-06-25 14:39:08.588 DEBUG 19172 --- [           main] o.a.http.impl.execchain.MainClientExec   : Connection discarded
2024-06-25 14:39:08.589 DEBUG 19172 --- [           main] h.i.c.PoolingHttpClientConnectionManager : Connection released: [id: 0][route: {}->http://localhost:8080][total kept alive: 0; route allocated: 0 of 20; total allocated: 0 of 100]
]]></system-out>
  </testcase>
  <testcase name="saveNewBeer" classname="luis3000.msscbreweryclient.web.client.BreweryClientTest" time="0.012">
    <error message="I/O error on POST request for &quot;http://localhost:8080/api/v1/beer/&quot;: Connect to localhost:8080 [localhost/127.0.0.1, localhost/0:0:0:0:0:0:0:1] failed: Connection refused; nested exception is org.apache.http.conn.HttpHostConnectException: Connect to localhost:8080 [localhost/127.0.0.1, localhost/0:0:0:0:0:0:0:1] failed: Connection refused" type="org.springframework.web.client.ResourceAccessException">org.springframework.web.client.ResourceAccessException: I/O error on POST request for "http://localhost:8080/api/v1/beer/": Connect to localhost:8080 [localhost/127.0.0.1, localhost/0:0:0:0:0:0:0:1] failed: Connection refused; nested exception is org.apache.http.conn.HttpHostConnectException: Connect to localhost:8080 [localhost/127.0.0.1, localhost/0:0:0:0:0:0:0:1] failed: Connection refused
	at luis3000.msscbreweryclient.web.client.BreweryClientTest.saveNewBeer(BreweryClientTest.java:34)
Caused by: org.apache.http.conn.HttpHostConnectException: Connect to localhost:8080 [localhost/127.0.0.1, localhost/0:0:0:0:0:0:0:1] failed: Connection refused
	at luis3000.msscbreweryclient.web.client.BreweryClientTest.saveNewBeer(BreweryClientTest.java:34)
Caused by: java.net.ConnectException: Connection refused
	at luis3000.msscbreweryclient.web.client.BreweryClientTest.saveNewBeer(BreweryClientTest.java:34)
</error>
    <system-out><![CDATA[2024-06-25 14:39:08.600 DEBUG 19172 --- [           main] o.a.h.client.protocol.RequestAddCookies  : CookieSpec selected: default
2024-06-25 14:39:08.600 DEBUG 19172 --- [           main] o.a.h.client.protocol.RequestAuthCache   : Auth cache not set in the context
2024-06-25 14:39:08.600 DEBUG 19172 --- [           main] h.i.c.PoolingHttpClientConnectionManager : Connection request: [route: {}->http://localhost:8080][total kept alive: 0; route allocated: 0 of 20; total allocated: 0 of 100]
2024-06-25 14:39:08.600 DEBUG 19172 --- [           main] h.i.c.PoolingHttpClientConnectionManager : Connection leased: [id: 1][route: {}->http://localhost:8080][total kept alive: 0; route allocated: 1 of 20; total allocated: 1 of 100]
2024-06-25 14:39:08.600 DEBUG 19172 --- [           main] o.a.http.impl.execchain.MainClientExec   : Opening connection {}->http://localhost:8080
2024-06-25 14:39:08.601 DEBUG 19172 --- [           main] .i.c.DefaultHttpClientConnectionOperator : Connecting to localhost/127.0.0.1:8080
2024-06-25 14:39:08.601 DEBUG 19172 --- [           main] .i.c.DefaultHttpClientConnectionOperator : Connect to localhost/127.0.0.1:8080 timed out. Connection will be retried using another IP address
2024-06-25 14:39:08.601 DEBUG 19172 --- [           main] .i.c.DefaultHttpClientConnectionOperator : Connecting to localhost/[0:0:0:0:0:0:0:1]:8080
2024-06-25 14:39:08.602 DEBUG 19172 --- [           main] h.i.c.DefaultManagedHttpClientConnection : http-outgoing-1: Shutdown connection
2024-06-25 14:39:08.602 DEBUG 19172 --- [           main] o.a.http.impl.execchain.MainClientExec   : Connection discarded
2024-06-25 14:39:08.602 DEBUG 19172 --- [           main] h.i.c.PoolingHttpClientConnectionManager : Connection released: [id: 1][route: {}->http://localhost:8080][total kept alive: 0; route allocated: 0 of 20; total allocated: 0 of 100]
]]></system-out>
  </testcase>
  <testcase name="testUpdateBeer" classname="luis3000.msscbreweryclient.web.client.BreweryClientTest" time="0.006">
    <error message="I/O error on PUT request for &quot;http://localhost:8080/api/v1/beer/79ba9cb3-762f-4320-a0c5-1a2425919cae&quot;: Connect to localhost:8080 [localhost/127.0.0.1, localhost/0:0:0:0:0:0:0:1] failed: Connection refused; nested exception is org.apache.http.conn.HttpHostConnectException: Connect to localhost:8080 [localhost/127.0.0.1, localhost/0:0:0:0:0:0:0:1] failed: Connection refused" type="org.springframework.web.client.ResourceAccessException">org.springframework.web.client.ResourceAccessException: I/O error on PUT request for "http://localhost:8080/api/v1/beer/79ba9cb3-762f-4320-a0c5-1a2425919cae": Connect to localhost:8080 [localhost/127.0.0.1, localhost/0:0:0:0:0:0:0:1] failed: Connection refused; nested exception is org.apache.http.conn.HttpHostConnectException: Connect to localhost:8080 [localhost/127.0.0.1, localhost/0:0:0:0:0:0:0:1] failed: Connection refused
	at luis3000.msscbreweryclient.web.client.BreweryClientTest.testUpdateBeer(BreweryClientTest.java:43)
Caused by: org.apache.http.conn.HttpHostConnectException: Connect to localhost:8080 [localhost/127.0.0.1, localhost/0:0:0:0:0:0:0:1] failed: Connection refused
	at luis3000.msscbreweryclient.web.client.BreweryClientTest.testUpdateBeer(BreweryClientTest.java:43)
Caused by: java.net.ConnectException: Connection refused
	at luis3000.msscbreweryclient.web.client.BreweryClientTest.testUpdateBeer(BreweryClientTest.java:43)
</error>
    <system-out><![CDATA[2024-06-25 14:39:08.607 DEBUG 19172 --- [           main] o.a.h.client.protocol.RequestAddCookies  : CookieSpec selected: default
2024-06-25 14:39:08.607 DEBUG 19172 --- [           main] o.a.h.client.protocol.RequestAuthCache   : Auth cache not set in the context
2024-06-25 14:39:08.607 DEBUG 19172 --- [           main] h.i.c.PoolingHttpClientConnectionManager : Connection request: [route: {}->http://localhost:8080][total kept alive: 0; route allocated: 0 of 20; total allocated: 0 of 100]
2024-06-25 14:39:08.607 DEBUG 19172 --- [           main] h.i.c.PoolingHttpClientConnectionManager : Connection leased: [id: 2][route: {}->http://localhost:8080][total kept alive: 0; route allocated: 1 of 20; total allocated: 1 of 100]
2024-06-25 14:39:08.607 DEBUG 19172 --- [           main] o.a.http.impl.execchain.MainClientExec   : Opening connection {}->http://localhost:8080
2024-06-25 14:39:08.608 DEBUG 19172 --- [           main] .i.c.DefaultHttpClientConnectionOperator : Connecting to localhost/127.0.0.1:8080
2024-06-25 14:39:08.608 DEBUG 19172 --- [           main] .i.c.DefaultHttpClientConnectionOperator : Connect to localhost/127.0.0.1:8080 timed out. Connection will be retried using another IP address
2024-06-25 14:39:08.608 DEBUG 19172 --- [           main] .i.c.DefaultHttpClientConnectionOperator : Connecting to localhost/[0:0:0:0:0:0:0:1]:8080
2024-06-25 14:39:08.608 DEBUG 19172 --- [           main] h.i.c.DefaultManagedHttpClientConnection : http-outgoing-2: Shutdown connection
2024-06-25 14:39:08.609 DEBUG 19172 --- [           main] o.a.http.impl.execchain.MainClientExec   : Connection discarded
2024-06-25 14:39:08.609 DEBUG 19172 --- [           main] h.i.c.PoolingHttpClientConnectionManager : Connection released: [id: 2][route: {}->http://localhost:8080][total kept alive: 0; route allocated: 0 of 20; total allocated: 0 of 100]
]]></system-out>
  </testcase>
  <testcase name="getBeerById" classname="luis3000.msscbreweryclient.web.client.BreweryClientTest" time="0.013">
    <error message="I/O error on GET request for &quot;http://localhost:8080/api/v1/beer/d6fc7de3-0301-4b5b-a285-a97f3a9c53f8&quot;: Connect to localhost:8080 [localhost/127.0.0.1, localhost/0:0:0:0:0:0:0:1] failed: Connection refused; nested exception is org.apache.http.conn.HttpHostConnectException: Connect to localhost:8080 [localhost/127.0.0.1, localhost/0:0:0:0:0:0:0:1] failed: Connection refused" type="org.springframework.web.client.ResourceAccessException">org.springframework.web.client.ResourceAccessException: I/O error on GET request for "http://localhost:8080/api/v1/beer/d6fc7de3-0301-4b5b-a285-a97f3a9c53f8": Connect to localhost:8080 [localhost/127.0.0.1, localhost/0:0:0:0:0:0:0:1] failed: Connection refused; nested exception is org.apache.http.conn.HttpHostConnectException: Connect to localhost:8080 [localhost/127.0.0.1, localhost/0:0:0:0:0:0:0:1] failed: Connection refused
	at luis3000.msscbreweryclient.web.client.BreweryClientTest.getBeerById(BreweryClientTest.java:25)
Caused by: org.apache.http.conn.HttpHostConnectException: Connect to localhost:8080 [localhost/127.0.0.1, localhost/0:0:0:0:0:0:0:1] failed: Connection refused
	at luis3000.msscbreweryclient.web.client.BreweryClientTest.getBeerById(BreweryClientTest.java:25)
Caused by: java.net.ConnectException: Connection refused
	at luis3000.msscbreweryclient.web.client.BreweryClientTest.getBeerById(BreweryClientTest.java:25)
</error>
    <system-out><![CDATA[2024-06-25 14:39:08.621 DEBUG 19172 --- [           main] o.a.h.client.protocol.RequestAddCookies  : CookieSpec selected: default
2024-06-25 14:39:08.621 DEBUG 19172 --- [           main] o.a.h.client.protocol.RequestAuthCache   : Auth cache not set in the context
2024-06-25 14:39:08.621 DEBUG 19172 --- [           main] h.i.c.PoolingHttpClientConnectionManager : Connection request: [route: {}->http://localhost:8080][total kept alive: 0; route allocated: 0 of 20; total allocated: 0 of 100]
2024-06-25 14:39:08.621 DEBUG 19172 --- [           main] h.i.c.PoolingHttpClientConnectionManager : Connection leased: [id: 3][route: {}->http://localhost:8080][total kept alive: 0; route allocated: 1 of 20; total allocated: 1 of 100]
2024-06-25 14:39:08.621 DEBUG 19172 --- [           main] o.a.http.impl.execchain.MainClientExec   : Opening connection {}->http://localhost:8080
2024-06-25 14:39:08.621 DEBUG 19172 --- [           main] .i.c.DefaultHttpClientConnectionOperator : Connecting to localhost/127.0.0.1:8080
2024-06-25 14:39:08.622 DEBUG 19172 --- [           main] .i.c.DefaultHttpClientConnectionOperator : Connect to localhost/127.0.0.1:8080 timed out. Connection will be retried using another IP address
2024-06-25 14:39:08.622 DEBUG 19172 --- [           main] .i.c.DefaultHttpClientConnectionOperator : Connecting to localhost/[0:0:0:0:0:0:0:1]:8080
2024-06-25 14:39:08.622 DEBUG 19172 --- [           main] h.i.c.DefaultManagedHttpClientConnection : http-outgoing-3: Shutdown connection
2024-06-25 14:39:08.623 DEBUG 19172 --- [           main] o.a.http.impl.execchain.MainClientExec   : Connection discarded
2024-06-25 14:39:08.623 DEBUG 19172 --- [           main] h.i.c.PoolingHttpClientConnectionManager : Connection released: [id: 3][route: {}->http://localhost:8080][total kept alive: 0; route allocated: 0 of 20; total allocated: 0 of 100]
]]></system-out>
  </testcase>
  <testcase name="testUpdateCustomer" classname="luis3000.msscbreweryclient.web.client.BreweryClientTest" time="0.007">
    <error message="I/O error on PUT request for &quot;http://localhost:8080/api/v1/customer/ea3b945f-7317-4d2d-a6ee-d6cb81f729bc&quot;: Connect to localhost:8080 [localhost/127.0.0.1, localhost/0:0:0:0:0:0:0:1] failed: Connection refused; nested exception is org.apache.http.conn.HttpHostConnectException: Connect to localhost:8080 [localhost/127.0.0.1, localhost/0:0:0:0:0:0:0:1] failed: Connection refused" type="org.springframework.web.client.ResourceAccessException">org.springframework.web.client.ResourceAccessException: I/O error on PUT request for "http://localhost:8080/api/v1/customer/ea3b945f-7317-4d2d-a6ee-d6cb81f729bc": Connect to localhost:8080 [localhost/127.0.0.1, localhost/0:0:0:0:0:0:0:1] failed: Connection refused; nested exception is org.apache.http.conn.HttpHostConnectException: Connect to localhost:8080 [localhost/127.0.0.1, localhost/0:0:0:0:0:0:0:1] failed: Connection refused
	at luis3000.msscbreweryclient.web.client.BreweryClientTest.testUpdateCustomer(BreweryClientTest.java:78)
Caused by: org.apache.http.conn.HttpHostConnectException: Connect to localhost:8080 [localhost/127.0.0.1, localhost/0:0:0:0:0:0:0:1] failed: Connection refused
	at luis3000.msscbreweryclient.web.client.BreweryClientTest.testUpdateCustomer(BreweryClientTest.java:78)
Caused by: java.net.ConnectException: Connection refused
	at luis3000.msscbreweryclient.web.client.BreweryClientTest.testUpdateCustomer(BreweryClientTest.java:78)
</error>
    <system-out><![CDATA[2024-06-25 14:39:08.628 DEBUG 19172 --- [           main] o.a.h.client.protocol.RequestAddCookies  : CookieSpec selected: default
2024-06-25 14:39:08.629 DEBUG 19172 --- [           main] o.a.h.client.protocol.RequestAuthCache   : Auth cache not set in the context
2024-06-25 14:39:08.629 DEBUG 19172 --- [           main] h.i.c.PoolingHttpClientConnectionManager : Connection request: [route: {}->http://localhost:8080][total kept alive: 0; route allocated: 0 of 20; total allocated: 0 of 100]
2024-06-25 14:39:08.629 DEBUG 19172 --- [           main] h.i.c.PoolingHttpClientConnectionManager : Connection leased: [id: 4][route: {}->http://localhost:8080][total kept alive: 0; route allocated: 1 of 20; total allocated: 1 of 100]
2024-06-25 14:39:08.629 DEBUG 19172 --- [           main] o.a.http.impl.execchain.MainClientExec   : Opening connection {}->http://localhost:8080
2024-06-25 14:39:08.629 DEBUG 19172 --- [           main] .i.c.DefaultHttpClientConnectionOperator : Connecting to localhost/127.0.0.1:8080
2024-06-25 14:39:08.630 DEBUG 19172 --- [           main] .i.c.DefaultHttpClientConnectionOperator : Connect to localhost/127.0.0.1:8080 timed out. Connection will be retried using another IP address
2024-06-25 14:39:08.630 DEBUG 19172 --- [           main] .i.c.DefaultHttpClientConnectionOperator : Connecting to localhost/[0:0:0:0:0:0:0:1]:8080
2024-06-25 14:39:08.630 DEBUG 19172 --- [           main] h.i.c.DefaultManagedHttpClientConnection : http-outgoing-4: Shutdown connection
2024-06-25 14:39:08.630 DEBUG 19172 --- [           main] o.a.http.impl.execchain.MainClientExec   : Connection discarded
2024-06-25 14:39:08.630 DEBUG 19172 --- [           main] h.i.c.PoolingHttpClientConnectionManager : Connection released: [id: 4][route: {}->http://localhost:8080][total kept alive: 0; route allocated: 0 of 20; total allocated: 0 of 100]
]]></system-out>
  </testcase>
  <testcase name="testSavedNewCustomer" classname="luis3000.msscbreweryclient.web.client.BreweryClientTest" time="0.005">
    <error message="I/O error on POST request for &quot;http://localhost:8080/api/v1/customer/&quot;: Connect to localhost:8080 [localhost/127.0.0.1, localhost/0:0:0:0:0:0:0:1] failed: Connection refused; nested exception is org.apache.http.conn.HttpHostConnectException: Connect to localhost:8080 [localhost/127.0.0.1, localhost/0:0:0:0:0:0:0:1] failed: Connection refused" type="org.springframework.web.client.ResourceAccessException">org.springframework.web.client.ResourceAccessException: I/O error on POST request for "http://localhost:8080/api/v1/customer/": Connect to localhost:8080 [localhost/127.0.0.1, localhost/0:0:0:0:0:0:0:1] failed: Connection refused; nested exception is org.apache.http.conn.HttpHostConnectException: Connect to localhost:8080 [localhost/127.0.0.1, localhost/0:0:0:0:0:0:0:1] failed: Connection refused
	at luis3000.msscbreweryclient.web.client.BreweryClientTest.testSavedNewCustomer(BreweryClientTest.java:66)
Caused by: org.apache.http.conn.HttpHostConnectException: Connect to localhost:8080 [localhost/127.0.0.1, localhost/0:0:0:0:0:0:0:1] failed: Connection refused
	at luis3000.msscbreweryclient.web.client.BreweryClientTest.testSavedNewCustomer(BreweryClientTest.java:66)
Caused by: java.net.ConnectException: Connection refused
	at luis3000.msscbreweryclient.web.client.BreweryClientTest.testSavedNewCustomer(BreweryClientTest.java:66)
</error>
    <system-out><![CDATA[2024-06-25 14:39:08.635 DEBUG 19172 --- [           main] o.a.h.client.protocol.RequestAddCookies  : CookieSpec selected: default
2024-06-25 14:39:08.635 DEBUG 19172 --- [           main] o.a.h.client.protocol.RequestAuthCache   : Auth cache not set in the context
2024-06-25 14:39:08.635 DEBUG 19172 --- [           main] h.i.c.PoolingHttpClientConnectionManager : Connection request: [route: {}->http://localhost:8080][total kept alive: 0; route allocated: 0 of 20; total allocated: 0 of 100]
2024-06-25 14:39:08.635 DEBUG 19172 --- [           main] h.i.c.PoolingHttpClientConnectionManager : Connection leased: [id: 5][route: {}->http://localhost:8080][total kept alive: 0; route allocated: 1 of 20; total allocated: 1 of 100]
2024-06-25 14:39:08.635 DEBUG 19172 --- [           main] o.a.http.impl.execchain.MainClientExec   : Opening connection {}->http://localhost:8080
2024-06-25 14:39:08.636 DEBUG 19172 --- [           main] .i.c.DefaultHttpClientConnectionOperator : Connecting to localhost/127.0.0.1:8080
2024-06-25 14:39:08.636 DEBUG 19172 --- [           main] .i.c.DefaultHttpClientConnectionOperator : Connect to localhost/127.0.0.1:8080 timed out. Connection will be retried using another IP address
2024-06-25 14:39:08.636 DEBUG 19172 --- [           main] .i.c.DefaultHttpClientConnectionOperator : Connecting to localhost/[0:0:0:0:0:0:0:1]:8080
2024-06-25 14:39:08.636 DEBUG 19172 --- [           main] h.i.c.DefaultManagedHttpClientConnection : http-outgoing-5: Shutdown connection
2024-06-25 14:39:08.636 DEBUG 19172 --- [           main] o.a.http.impl.execchain.MainClientExec   : Connection discarded
2024-06-25 14:39:08.637 DEBUG 19172 --- [           main] h.i.c.PoolingHttpClientConnectionManager : Connection released: [id: 5][route: {}->http://localhost:8080][total kept alive: 0; route allocated: 0 of 20; total allocated: 0 of 100]
]]></system-out>
  </testcase>
  <testcase name="testDeleteBeer" classname="luis3000.msscbreweryclient.web.client.BreweryClientTest" time="0.004">
    <error message="I/O error on DELETE request for &quot;http://localhost:8080/api/v1/beer/56783975-547f-4d67-b32e-937ab502f167&quot;: Connect to localhost:8080 [localhost/127.0.0.1, localhost/0:0:0:0:0:0:0:1] failed: Connection refused; nested exception is org.apache.http.conn.HttpHostConnectException: Connect to localhost:8080 [localhost/127.0.0.1, localhost/0:0:0:0:0:0:0:1] failed: Connection refused" type="org.springframework.web.client.ResourceAccessException">org.springframework.web.client.ResourceAccessException: I/O error on DELETE request for "http://localhost:8080/api/v1/beer/56783975-547f-4d67-b32e-937ab502f167": Connect to localhost:8080 [localhost/127.0.0.1, localhost/0:0:0:0:0:0:0:1] failed: Connection refused; nested exception is org.apache.http.conn.HttpHostConnectException: Connect to localhost:8080 [localhost/127.0.0.1, localhost/0:0:0:0:0:0:0:1] failed: Connection refused
	at luis3000.msscbreweryclient.web.client.BreweryClientTest.testDeleteBeer(BreweryClientTest.java:48)
Caused by: org.apache.http.conn.HttpHostConnectException: Connect to localhost:8080 [localhost/127.0.0.1, localhost/0:0:0:0:0:0:0:1] failed: Connection refused
	at luis3000.msscbreweryclient.web.client.BreweryClientTest.testDeleteBeer(BreweryClientTest.java:48)
Caused by: java.net.ConnectException: Connection refused
	at luis3000.msscbreweryclient.web.client.BreweryClientTest.testDeleteBeer(BreweryClientTest.java:48)
</error>
    <system-out><![CDATA[2024-06-25 14:39:08.640 DEBUG 19172 --- [           main] o.a.h.client.protocol.RequestAddCookies  : CookieSpec selected: default
2024-06-25 14:39:08.640 DEBUG 19172 --- [           main] o.a.h.client.protocol.RequestAuthCache   : Auth cache not set in the context
2024-06-25 14:39:08.640 DEBUG 19172 --- [           main] h.i.c.PoolingHttpClientConnectionManager : Connection request: [route: {}->http://localhost:8080][total kept alive: 0; route allocated: 0 of 20; total allocated: 0 of 100]
2024-06-25 14:39:08.640 DEBUG 19172 --- [           main] h.i.c.PoolingHttpClientConnectionManager : Connection leased: [id: 6][route: {}->http://localhost:8080][total kept alive: 0; route allocated: 1 of 20; total allocated: 1 of 100]
2024-06-25 14:39:08.640 DEBUG 19172 --- [           main] o.a.http.impl.execchain.MainClientExec   : Opening connection {}->http://localhost:8080
2024-06-25 14:39:08.640 DEBUG 19172 --- [           main] .i.c.DefaultHttpClientConnectionOperator : Connecting to localhost/127.0.0.1:8080
2024-06-25 14:39:08.641 DEBUG 19172 --- [           main] .i.c.DefaultHttpClientConnectionOperator : Connect to localhost/127.0.0.1:8080 timed out. Connection will be retried using another IP address
2024-06-25 14:39:08.641 DEBUG 19172 --- [           main] .i.c.DefaultHttpClientConnectionOperator : Connecting to localhost/[0:0:0:0:0:0:0:1]:8080
2024-06-25 14:39:08.641 DEBUG 19172 --- [           main] h.i.c.DefaultManagedHttpClientConnection : http-outgoing-6: Shutdown connection
2024-06-25 14:39:08.641 DEBUG 19172 --- [           main] o.a.http.impl.execchain.MainClientExec   : Connection discarded
2024-06-25 14:39:08.641 DEBUG 19172 --- [           main] h.i.c.PoolingHttpClientConnectionManager : Connection released: [id: 6][route: {}->http://localhost:8080][total kept alive: 0; route allocated: 0 of 20; total allocated: 0 of 100]
]]></system-out>
  </testcase>
  <testcase name="testDeleteCustomer" classname="luis3000.msscbreweryclient.web.client.BreweryClientTest" time="0.005">
    <error message="I/O error on DELETE request for &quot;http://localhost:8080/api/v1/beer/88db3592-d691-494d-8748-97d6a3c98ea1&quot;: Connect to localhost:8080 [localhost/127.0.0.1, localhost/0:0:0:0:0:0:0:1] failed: Connection refused; nested exception is org.apache.http.conn.HttpHostConnectException: Connect to localhost:8080 [localhost/127.0.0.1, localhost/0:0:0:0:0:0:0:1] failed: Connection refused" type="org.springframework.web.client.ResourceAccessException">org.springframework.web.client.ResourceAccessException: I/O error on DELETE request for "http://localhost:8080/api/v1/beer/88db3592-d691-494d-8748-97d6a3c98ea1": Connect to localhost:8080 [localhost/127.0.0.1, localhost/0:0:0:0:0:0:0:1] failed: Connection refused; nested exception is org.apache.http.conn.HttpHostConnectException: Connect to localhost:8080 [localhost/127.0.0.1, localhost/0:0:0:0:0:0:0:1] failed: Connection refused
	at luis3000.msscbreweryclient.web.client.BreweryClientTest.testDeleteCustomer(BreweryClientTest.java:83)
Caused by: org.apache.http.conn.HttpHostConnectException: Connect to localhost:8080 [localhost/127.0.0.1, localhost/0:0:0:0:0:0:0:1] failed: Connection refused
	at luis3000.msscbreweryclient.web.client.BreweryClientTest.testDeleteCustomer(BreweryClientTest.java:83)
Caused by: java.net.ConnectException: Connection refused
	at luis3000.msscbreweryclient.web.client.BreweryClientTest.testDeleteCustomer(BreweryClientTest.java:83)
</error>
    <system-out><![CDATA[2024-06-25 14:39:08.645 DEBUG 19172 --- [           main] o.a.h.client.protocol.RequestAddCookies  : CookieSpec selected: default
2024-06-25 14:39:08.645 DEBUG 19172 --- [           main] o.a.h.client.protocol.RequestAuthCache   : Auth cache not set in the context
2024-06-25 14:39:08.645 DEBUG 19172 --- [           main] h.i.c.PoolingHttpClientConnectionManager : Connection request: [route: {}->http://localhost:8080][total kept alive: 0; route allocated: 0 of 20; total allocated: 0 of 100]
2024-06-25 14:39:08.645 DEBUG 19172 --- [           main] h.i.c.PoolingHttpClientConnectionManager : Connection leased: [id: 7][route: {}->http://localhost:8080][total kept alive: 0; route allocated: 1 of 20; total allocated: 1 of 100]
2024-06-25 14:39:08.645 DEBUG 19172 --- [           main] o.a.http.impl.execchain.MainClientExec   : Opening connection {}->http://localhost:8080
2024-06-25 14:39:08.645 DEBUG 19172 --- [           main] .i.c.DefaultHttpClientConnectionOperator : Connecting to localhost/127.0.0.1:8080
2024-06-25 14:39:08.646 DEBUG 19172 --- [           main] .i.c.DefaultHttpClientConnectionOperator : Connect to localhost/127.0.0.1:8080 timed out. Connection will be retried using another IP address
2024-06-25 14:39:08.646 DEBUG 19172 --- [           main] .i.c.DefaultHttpClientConnectionOperator : Connecting to localhost/[0:0:0:0:0:0:0:1]:8080
2024-06-25 14:39:08.646 DEBUG 19172 --- [           main] h.i.c.DefaultManagedHttpClientConnection : http-outgoing-7: Shutdown connection
2024-06-25 14:39:08.646 DEBUG 19172 --- [           main] o.a.http.impl.execchain.MainClientExec   : Connection discarded
2024-06-25 14:39:08.646 DEBUG 19172 --- [           main] h.i.c.PoolingHttpClientConnectionManager : Connection released: [id: 7][route: {}->http://localhost:8080][total kept alive: 0; route allocated: 0 of 20; total allocated: 0 of 100]
]]></system-out>
  </testcase>
</testsuite>